#
# There is insufficient memory for the Java Runtime Environment to continue.
# Native memory allocation (malloc) failed to allocate 1785136 bytes for Chunk::new
# Possible reasons:
#   The system is out of physical RAM or swap space
#   In 32 bit mode, the process size limit was hit
# Possible solutions:
#   Reduce memory load on the system
#   Increase physical memory or swap space
#   Check if swap backing store is full
#   Use 64 bit Java on a 64 bit OS
#   Decrease Java heap size (-Xmx/-Xms)
#   Decrease number of Java threads
#   Decrease Java thread stack sizes (-Xss)
#   Set larger code cache with -XX:ReservedCodeCacheSize=
# This output file may be truncated or incomplete.
#
#  Out of Memory Error (allocation.cpp:390), pid=2228, tid=7484
#
# JRE version: Java(TM) SE Runtime Environment (8.0_45-b15) (build 1.8.0_45-b15)
# Java VM: Java HotSpot(TM) 64-Bit Server VM (25.45-b02 mixed mode windows-amd64 compressed oops)
# Failed to write core dump. Minidumps are not enabled by default on client versions of Windows
#

---------------  T H R E A D  ---------------

Current thread (0x00000000168b6800):  JavaThread "C2 CompilerThread1" daemon [_thread_in_native, id=7484, stack(0x0000000016c60000,0x0000000016d60000)]

Stack: [0x0000000016c60000,0x0000000016d60000]
Native frames: (J=compiled Java code, j=interpreted, Vv=VM code, C=native code)
V  [jvm.dll+0x32b57a]
V  [jvm.dll+0x279873]
V  [jvm.dll+0x27a509]
V  [jvm.dll+0x271825]
V  [jvm.dll+0xcb9e2]
V  [jvm.dll+0xcbeac]
V  [jvm.dll+0x476ef2]
V  [jvm.dll+0x4b955f]
V  [jvm.dll+0x46bf81]
V  [jvm.dll+0x46ccbe]
V  [jvm.dll+0x4500f2]
V  [jvm.dll+0xa4352]
V  [jvm.dll+0xa4c8f]
V  [jvm.dll+0x241984]
V  [jvm.dll+0x29853a]
C  [msvcr100.dll+0x21d9f]
C  [msvcr100.dll+0x21e3b]
C  [KERNEL32.DLL+0x16ad]
C  [ntdll.dll+0x6eb64]


Current CompileTask:
C2:  11270 1829   !   4       com.android.dx.cf.code.BytecodeArray::parseInstruction (2764 bytes)


---------------  P R O C E S S  ---------------

Java Threads: ( => current thread )
  0x00000000168c3000 JavaThread "Service Thread" daemon [_thread_blocked, id=6564, stack(0x0000000016e60000,0x0000000016f60000)]
  0x00000000168b9800 JavaThread "C1 CompilerThread2" daemon [_thread_blocked, id=2452, stack(0x0000000016d60000,0x0000000016e60000)]
=>0x00000000168b6800 JavaThread "C2 CompilerThread1" daemon [_thread_in_native, id=7484, stack(0x0000000016c60000,0x0000000016d60000)]
  0x000000001524d000 JavaThread "C2 CompilerThread0" daemon [_thread_in_native, id=3288, stack(0x0000000016760000,0x0000000016860000)]
  0x000000001524a000 JavaThread "Attach Listener" daemon [_thread_blocked, id=9032, stack(0x0000000016660000,0x0000000016760000)]
  0x0000000015249000 JavaThread "Signal Dispatcher" daemon [_thread_blocked, id=9056, stack(0x0000000016560000,0x0000000016660000)]
  0x0000000002b17000 JavaThread "Finalizer" daemon [_thread_blocked, id=7516, stack(0x0000000016460000,0x0000000016560000)]
  0x0000000002b0e000 JavaThread "Reference Handler" daemon [_thread_blocked, id=9228, stack(0x0000000016360000,0x0000000016460000)]
  0x0000000000dbd800 JavaThread "main" [_thread_in_Java, id=8168, stack(0x0000000000ef0000,0x0000000000ff0000)]

Other Threads:
  0x00000000151b8000 VMThread [stack: 0x0000000016260000,0x0000000016360000] [id=6284]
  0x00000000168d5800 WatcherThread [stack: 0x0000000016f60000,0x0000000017060000] [id=6356]

VM state:not at safepoint (normal execution)

VM Mutex/Monitor currently owned by a thread: None

Heap:
 PSYoungGen      total 68096K, used 21000K [0x00000000eab00000, 0x00000000ef000000, 0x0000000100000000)
  eden space 65536K, 28% used [0x00000000eab00000,0x00000000ebd04940,0x00000000eeb00000)
  from space 2560K, 99% used [0x00000000eeb00000,0x00000000eed7d980,0x00000000eed80000)
  to   space 2560K, 0% used [0x00000000eed80000,0x00000000eed80000,0x00000000ef000000)
 ParOldGen       total 44032K, used 24049K [0x00000000c0000000, 0x00000000c2b00000, 0x00000000eab00000)
  object space 44032K, 54% used [0x00000000c0000000,0x00000000c177c798,0x00000000c2b00000)
 Metaspace       used 5980K, capacity 7152K, committed 7296K, reserved 1056768K
  class space    used 558K, capacity 616K, committed 640K, reserved 1048576K

Card table byte_map: [0x0000000011ee0000,0x00000000120f0000] byte_map_base: 0x00000000118e0000

Marking Bits: (ParMarkBitMap*) 0x000000006ba54040
 Begin Bits: [0x0000000012650000, 0x0000000013650000)
 End Bits:   [0x0000000013650000, 0x0000000014650000)

Polling page: 0x0000000000d10000

CodeCache: size=245760Kb used=8599Kb max_used=8599Kb free=237160Kb
 bounds [0x0000000002b20000, 0x0000000003390000, 0x0000000011b20000]
 total_blobs=2099 nmethods=1833 adapters=178
 compilation: enabled

Compilation events (10 events):
Event: 11.041 Thread 0x00000000168b9800 1868       2       com.android.dx.ssa.SsaBasicBlock::getLiveOutRegs (26 bytes)
Event: 11.042 Thread 0x00000000168b9800 nmethod 1868 0x0000000003383850 code [0x00000000033839c0, 0x0000000003383cc8]
Event: 11.043 Thread 0x00000000168b9800 1869       1       com.android.dx.rop.cst.CstType::getType (4 bytes)
Event: 11.044 Thread 0x00000000168b9800 nmethod 1869 0x0000000003335a50 code [0x0000000003335ba0, 0x0000000003335cb0]
Event: 11.047 Thread 0x00000000168b9800 1870       2       com.android.dx.cf.code.LocalVariableList::get (9 bytes)
Event: 11.048 Thread 0x00000000168b9800 nmethod 1870 0x0000000003383e90 code [0x0000000003384000, 0x00000000033841a8]
Event: 11.048 Thread 0x00000000168b9800 1871       2       com.android.dx.cf.code.LocalVariableList::itemToLocal (47 bytes)
Event: 11.048 Thread 0x00000000168b9800 nmethod 1871 0x0000000003384250 code [0x00000000033843e0, 0x0000000003384678]
Event: 11.048 Thread 0x00000000168b9800 1872       2       com.android.dx.cf.code.LocalVariableList::set (21 bytes)
Event: 11.049 Thread 0x00000000168b9800 nmethod 1872 0x0000000003384810 code [0x00000000033849c0, 0x0000000003384ed8]

GC Heap History (10 events):
Event: 5.484 GC heap before
{Heap before GC invocations=1 (full 0):
 PSYoungGen      total 18944K, used 16384K [0x00000000eab00000, 0x00000000ec000000, 0x0000000100000000)
  eden space 16384K, 100% used [0x00000000eab00000,0x00000000ebb00000,0x00000000ebb00000)
  from space 2560K, 0% used [0x00000000ebd80000,0x00000000ebd80000,0x00000000ec000000)
  to   space 2560K, 0% used [0x00000000ebb00000,0x00000000ebb00000,0x00000000ebd80000)
 ParOldGen       total 44032K, used 0K [0x00000000c0000000, 0x00000000c2b00000, 0x00000000eab00000)
  object space 44032K, 0% used [0x00000000c0000000,0x00000000c0000000,0x00000000c2b00000)
 Metaspace       used 5621K, capacity 6832K, committed 7040K, reserved 1056768K
  class space    used 552K, capacity 616K, committed 640K, reserved 1048576K
Event: 5.540 GC heap after
Heap after GC invocations=1 (full 0):
 PSYoungGen      total 18944K, used 2543K [0x00000000eab00000, 0x00000000ed000000, 0x0000000100000000)
  eden space 16384K, 0% used [0x00000000eab00000,0x00000000eab00000,0x00000000ebb00000)
  from space 2560K, 99% used [0x00000000ebb00000,0x00000000ebd7bc88,0x00000000ebd80000)
  to   space 2560K, 0% used [0x00000000ecd80000,0x00000000ecd80000,0x00000000ed000000)
 ParOldGen       total 44032K, used 1894K [0x00000000c0000000, 0x00000000c2b00000, 0x00000000eab00000)
  object space 44032K, 4% used [0x00000000c0000000,0x00000000c01d9be0,0x00000000c2b00000)
 Metaspace       used 5621K, capacity 6832K, committed 7040K, reserved 1056768K
  class space    used 552K, capacity 616K, committed 640K, reserved 1048576K
}
Event: 6.466 GC heap before
{Heap before GC invocations=2 (full 0):
 PSYoungGen      total 18944K, used 18927K [0x00000000eab00000, 0x00000000ed000000, 0x0000000100000000)
  eden space 16384K, 100% used [0x00000000eab00000,0x00000000ebb00000,0x00000000ebb00000)
  from space 2560K, 99% used [0x00000000ebb00000,0x00000000ebd7bc88,0x00000000ebd80000)
  to   space 2560K, 0% used [0x00000000ecd80000,0x00000000ecd80000,0x00000000ed000000)
 ParOldGen       total 44032K, used 1894K [0x00000000c0000000, 0x00000000c2b00000, 0x00000000eab00000)
  object space 44032K, 4% used [0x00000000c0000000,0x00000000c01d9be0,0x00000000c2b00000)
 Metaspace       used 5776K, capacity 6960K, committed 7040K, reserved 1056768K
  class space    used 555K, capacity 616K, committed 640K, reserved 1048576K
Event: 6.487 GC heap after
Heap after GC invocations=2 (full 0):
 PSYoungGen      total 35328K, used 2531K [0x00000000eab00000, 0x00000000ed000000, 0x0000000100000000)
  eden space 32768K, 0% used [0x00000000eab00000,0x00000000eab00000,0x00000000ecb00000)
  from space 2560K, 98% used [0x00000000ecd80000,0x00000000ecff8e78,0x00000000ed000000)
  to   space 2560K, 0% used [0x00000000ecb00000,0x00000000ecb00000,0x00000000ecd80000)
 ParOldGen       total 44032K, used 4533K [0x00000000c0000000, 0x00000000c2b00000, 0x00000000eab00000)
  object space 44032K, 10% used [0x00000000c0000000,0x00000000c046d630,0x00000000c2b00000)
 Metaspace       used 5776K, capacity 6960K, committed 7040K, reserved 1056768K
  class space    used 555K, capacity 616K, committed 640K, reserved 1048576K
}
Event: 7.434 GC heap before
{Heap before GC invocations=3 (full 0):
 PSYoungGen      total 35328K, used 35299K [0x00000000eab00000, 0x00000000ed000000, 0x0000000100000000)
  eden space 32768K, 100% used [0x00000000eab00000,0x00000000ecb00000,0x00000000ecb00000)
  from space 2560K, 98% used [0x00000000ecd80000,0x00000000ecff8e78,0x00000000ed000000)
  to   space 2560K, 0% used [0x00000000ecb00000,0x00000000ecb00000,0x00000000ecd80000)
 ParOldGen       total 44032K, used 4533K [0x00000000c0000000, 0x00000000c2b00000, 0x00000000eab00000)
  object space 44032K, 10% used [0x00000000c0000000,0x00000000c046d630,0x00000000c2b00000)
 Metaspace       used 5894K, capacity 7088K, committed 7296K, reserved 1056768K
  class space    used 557K, capacity 616K, committed 640K, reserved 1048576K
Event: 7.450 GC heap after
Heap after GC invocations=3 (full 0):
 PSYoungGen      total 35328K, used 2555K [0x00000000eab00000, 0x00000000ef000000, 0x0000000100000000)
  eden space 32768K, 0% used [0x00000000eab00000,0x00000000eab00000,0x00000000ecb00000)
  from space 2560K, 99% used [0x00000000ecb00000,0x00000000ecd7ec68,0x00000000ecd80000)
  to   space 2560K, 0% used [0x00000000eed80000,0x00000000eed80000,0x00000000ef000000)
 ParOldGen       total 44032K, used 9465K [0x00000000c0000000, 0x00000000c2b00000, 0x00000000eab00000)
  object space 44032K, 21% used [0x00000000c0000000,0x00000000c093e6c8,0x00000000c2b00000)
 Metaspace       used 5894K, capacity 7088K, committed 7296K, reserved 1056768K
  class space    used 557K, capacity 616K, committed 640K, reserved 1048576K
}
Event: 8.057 GC heap before
{Heap before GC invocations=4 (full 0):
 PSYoungGen      total 35328K, used 35323K [0x00000000eab00000, 0x00000000ef000000, 0x0000000100000000)
  eden space 32768K, 100% used [0x00000000eab00000,0x00000000ecb00000,0x00000000ecb00000)
  from space 2560K, 99% used [0x00000000ecb00000,0x00000000ecd7ec68,0x00000000ecd80000)
  to   space 2560K, 0% used [0x00000000eed80000,0x00000000eed80000,0x00000000ef000000)
 ParOldGen       total 44032K, used 9465K [0x00000000c0000000, 0x00000000c2b00000, 0x00000000eab00000)
  object space 44032K, 21% used [0x00000000c0000000,0x00000000c093e6c8,0x00000000c2b00000)
 Metaspace       used 5906K, capacity 7088K, committed 7296K, reserved 1056768K
  class space    used 557K, capacity 616K, committed 640K, reserved 1048576K
Event: 8.085 GC heap after
Heap after GC invocations=4 (full 0):
 PSYoungGen      total 68096K, used 2539K [0x00000000eab00000, 0x00000000ef000000, 0x0000000100000000)
  eden space 65536K, 0% used [0x00000000eab00000,0x00000000eab00000,0x00000000eeb00000)
  from space 2560K, 99% used [0x00000000eed80000,0x00000000eeffaea0,0x00000000ef000000)
  to   space 2560K, 0% used [0x00000000eeb00000,0x00000000eeb00000,0x00000000eed80000)
 ParOldGen       total 44032K, used 13499K [0x00000000c0000000, 0x00000000c2b00000, 0x00000000eab00000)
  object space 44032K, 30% used [0x00000000c0000000,0x00000000c0d2eed0,0x00000000c2b00000)
 Metaspace       used 5906K, capacity 7088K, committed 7296K, reserved 1056768K
  class space    used 557K, capacity 616K, committed 640K, reserved 1048576K
}
Event: 10.567 GC heap before
{Heap before GC invocations=5 (full 0):
 PSYoungGen      total 68096K, used 68075K [0x00000000eab00000, 0x00000000ef000000, 0x0000000100000000)
  eden space 65536K, 100% used [0x00000000eab00000,0x00000000eeb00000,0x00000000eeb00000)
  from space 2560K, 99% used [0x00000000eed80000,0x00000000eeffaea0,0x00000000ef000000)
  to   space 2560K, 0% used [0x00000000eeb00000,0x00000000eeb00000,0x00000000eed80000)
 ParOldGen       total 44032K, used 13499K [0x00000000c0000000, 0x00000000c2b00000, 0x00000000eab00000)
  object space 44032K, 30% used [0x00000000c0000000,0x00000000c0d2eed0,0x00000000c2b00000)
 Metaspace       used 5972K, capacity 7152K, committed 7296K, reserved 1056768K
  class space    used 558K, capacity 616K, committed 640K, reserved 1048576K
Event: 10.751 GC heap after
Heap after GC invocations=5 (full 0):
 PSYoungGen      total 68096K, used 2550K [0x00000000eab00000, 0x00000000ef000000, 0x0000000100000000)
  eden space 65536K, 0% used [0x00000000eab00000,0x00000000eab00000,0x00000000eeb00000)
  from space 2560K, 99% used [0x00000000eeb00000,0x00000000eed7d980,0x00000000eed80000)
  to   space 2560K, 0% used [0x00000000eed80000,0x00000000eed80000,0x00000000ef000000)
 ParOldGen       total 44032K, used 24049K [0x00000000c0000000, 0x00000000c2b00000, 0x00000000eab00000)
  object space 44032K, 54% used [0x00000000c0000000,0x00000000c177c798,0x00000000c2b00000)
 Metaspace       used 5972K, capacity 7152K, committed 7296K, reserved 1056768K
  class space    used 558K, capacity 616K, committed 640K, reserved 1048576K
}

Deoptimization events (10 events):
Event: 9.507 Thread 0x0000000000dbd800 Uncommon trap: reason=class_check action=maybe_recompile pc=0x00000000032bf944 method=com.android.dx.cf.code.BytecodeArray.parseInstruction(ILcom/android/dx/cf/code/BytecodeArray$Visitor;)I @ 955
Event: 9.508 Thread 0x0000000000dbd800 Uncommon trap: reason=bimorphic action=maybe_recompile pc=0x00000000032bf9c8 method=com.android.dx.cf.code.BytecodeArray.parseInstruction(ILcom/android/dx/cf/code/BytecodeArray$Visitor;)I @ 971
Event: 9.743 Thread 0x0000000000dbd800 Uncommon trap: reason=class_check action=maybe_recompile pc=0x00000000032bf944 method=com.android.dx.cf.code.BytecodeArray.parseInstruction(ILcom/android/dx/cf/code/BytecodeArray$Visitor;)I @ 955
Event: 9.744 Thread 0x0000000000dbd800 Uncommon trap: reason=class_check action=maybe_recompile pc=0x00000000032bf944 method=com.android.dx.cf.code.BytecodeArray.parseInstruction(ILcom/android/dx/cf/code/BytecodeArray$Visitor;)I @ 955
Event: 10.133 Thread 0x0000000000dbd800 Uncommon trap: reason=unstable_if action=reinterpret pc=0x0000000002f6947c method=com.android.dx.rop.code.RegisterSpec.equals(ILcom/android/dx/rop/type/TypeBearer;Lcom/android/dx/rop/code/LocalItem;)Z @ 16
Event: 10.999 Thread 0x0000000000dbd800 Uncommon trap: reason=null_check action=make_not_entrant pc=0x0000000003368d58 method=com.android.dx.cf.code.Ropper$CatchInfo.getSetup(Lcom/android/dx/rop/type/Type;)Lcom/android/dx/cf/code/Ropper$ExceptionHandlerSetup; @ 10
Event: 11.019 Thread 0x0000000000dbd800 Uncommon trap: reason=unstable_if action=reinterpret pc=0x0000000003221f7c method=com.android.dx.ssa.SCCP.simulateStmt(Lcom/android/dx/ssa/SsaInsn;)V @ 59
Event: 11.022 Thread 0x0000000000dbd800 Uncommon trap: reason=bimorphic action=maybe_recompile pc=0x000000000325cb5c method=com.android.dx.ssa.LiteralOpUpgrader.tryReplacingWithConstant(Lcom/android/dx/ssa/NormalSsaInsn;)Z @ 62
Event: 11.022 Thread 0x0000000000dbd800 Uncommon trap: reason=unstable_if action=reinterpret pc=0x00000000032e2094 method=com.android.dx.ssa.LiteralOpUpgrader$1.visitNonMoveInsn(Lcom/android/dx/ssa/NormalSsaInsn;)V @ 24
Event: 11.040 Thread 0x0000000000dbd800 Uncommon trap: reason=bimorphic action=maybe_recompile pc=0x000000000325cb5c method=com.android.dx.ssa.LiteralOpUpgrader.tryReplacingWithConstant(Lcom/android/dx/ssa/NormalSsaInsn;)Z @ 62

Internal exceptions (7 events):
Event: 2.005 Thread 0x0000000000dbd800 Exception <a 'java/lang/NoSuchMethodError': Method sun.misc.Unsafe.defineClass(Ljava/lang/String;[BII)Ljava/lang/Class; name or signature does not match> (0x00000000eab12ed8) thrown at [C:\re\workspace\8-2-build-windows-amd64-cygwin\jdk8u45\3627\hotspot\srúçÃ

Event: 2.005 Thread 0x0000000000dbd800 Exception <a 'java/lang/NoSuchMethodError': Method sun.misc.Unsafe.prefetchRead(Ljava/lang/Object;J)V name or signature does not match> (0x00000000eab13168) thrown at [C:\re\workspace\8-2-build-windows-amd64-cygwin\jdk8u45\3627\hotspot\src\share\vm\prims\jä!ªUmÐ@
Event: 5.204 Thread 0x0000000000dbd800 Implicit null exception at 0x0000000002f01a34 to 0x0000000002f03e9d
Event: 5.992 Thread 0x0000000000dbd800 Implicit null exception at 0x0000000002ef6331 to 0x0000000002ef846d
Event: 7.672 Thread 0x0000000000dbd800 Implicit null exception at 0x000000000302ffa2 to 0x0000000003030092
Event: 8.735 Thread 0x0000000000dbd800 Implicit null exception at 0x000000000311d358 to 0x000000000311dfe9
Event: 10.999 Thread 0x0000000000dbd800 Implicit null exception at 0x0000000003364674 to 0x0000000003368d25

Events (10 events):
Event: 11.022 Thread 0x0000000000dbd800 DEOPT PACKING pc=0x000000000325cb5c sp=0x0000000000fee9e0
Event: 11.022 Thread 0x0000000000dbd800 DEOPT UNPACKING pc=0x0000000002b6582a sp=0x0000000000fee9b0 mode 2
Event: 11.022 Thread 0x0000000000dbd800 Uncommon trap: trap_request=0xffffff65 fr.pc=0x00000000032e2094
Event: 11.022 Thread 0x0000000000dbd800 DEOPT PACKING pc=0x00000000032e2094 sp=0x0000000000feea80
Event: 11.022 Thread 0x0000000000dbd800 DEOPT UNPACKING pc=0x0000000002b6582a sp=0x0000000000feea30 mode 2
Event: 11.039 Thread 0x0000000000dbd800 DEOPT PACKING pc=0x00000000032a8f92 sp=0x0000000000fee840
Event: 11.039 Thread 0x0000000000dbd800 DEOPT UNPACKING pc=0x0000000002b6787f sp=0x0000000000fee600 mode 0
Event: 11.040 Thread 0x0000000000dbd800 Uncommon trap: trap_request=0xffffffc6 fr.pc=0x000000000325cb5c
Event: 11.040 Thread 0x0000000000dbd800 DEOPT PACKING pc=0x000000000325cb5c sp=0x0000000000fee820
Event: 11.040 Thread 0x0000000000dbd800 DEOPT UNPACKING pc=0x0000000002b6582a sp=0x0000000000fee7f0 mode 2


Dynamic libraries:
0x00007ff7a96c0000 - 0x00007ff7a96f7000 	F:\Program Files\Java\jdk1.8.0_45\bin\java.exe
0x00007ffed4200000 - 0x00007ffed43ac000 	C:\WINDOWS\SYSTEM32\ntdll.dll
0x00007ffed37f0000 - 0x00007ffed392a000 	C:\WINDOWS\system32\KERNEL32.DLL
0x00007ffed1320000 - 0x00007ffed142f000 	C:\WINDOWS\system32\KERNELBASE.dll
0x00007ffecfce0000 - 0x00007ffecfd68000 	C:\WINDOWS\system32\apphelp.dll
0x00007ffeccb00000 - 0x00007ffeccb4f000 	C:\WINDOWS\AppPatch\AppPatch64\AcGenral.DLL
0x00007ffed3ee0000 - 0x00007ffed3f87000 	C:\WINDOWS\system32\msvcrt.dll
0x00007ffed1030000 - 0x00007ffed105b000 	C:\WINDOWS\SYSTEM32\SspiCli.dll
0x00007ffed1a50000 - 0x00007ffed1aa1000 	C:\WINDOWS\system32\SHLWAPI.dll
0x00007ffed18d0000 - 0x00007ffed1a41000 	C:\WINDOWS\system32\USER32.dll
0x00007ffed1c30000 - 0x00007ffed1da8000 	C:\WINDOWS\system32\ole32.dll
0x00007ffed1ff0000 - 0x00007ffed33ff000 	C:\WINDOWS\system32\SHELL32.dll
0x00007ffed07e0000 - 0x00007ffed07fe000 	C:\WINDOWS\SYSTEM32\USERENV.dll
0x00007ffed3c50000 - 0x00007ffed3cf5000 	C:\WINDOWS\system32\ADVAPI32.dll
0x00007ffec9250000 - 0x00007ffec926b000 	C:\WINDOWS\SYSTEM32\MPR.dll
0x00007ffed1db0000 - 0x00007ffed1ee7000 	C:\WINDOWS\system32\RPCRT4.dll
0x00007ffed3fc0000 - 0x00007ffed4017000 	C:\WINDOWS\SYSTEM32\sechost.dll
0x00007ffed3d00000 - 0x00007ffed3ed6000 	C:\WINDOWS\SYSTEM32\combase.dll
0x00007ffed3980000 - 0x00007ffed3ac4000 	C:\WINDOWS\system32\GDI32.dll
0x00007ffed11a0000 - 0x00007ffed11b4000 	C:\WINDOWS\SYSTEM32\profapi.dll
0x00007ffecfda0000 - 0x00007ffecfe3f000 	C:\WINDOWS\SYSTEM32\SHCORE.dll
0x00007ffed3940000 - 0x00007ffed3974000 	C:\WINDOWS\system32\IMM32.DLL
0x00007ffed36b0000 - 0x00007ffed37e9000 	C:\WINDOWS\system32\MSCTF.dll
0x00007ffeced80000 - 0x00007ffecefda000 	C:\WINDOWS\WinSxS\amd64_microsoft.windows.common-controls_6595b64144ccf1df_6.0.9600.17031_none_6242a4b3ecbb55a1\COMCTL32.dll
0x000000006add0000 - 0x000000006aea2000 	F:\Program Files\Java\jdk1.8.0_45\jre\bin\msvcr100.dll
0x000000006b250000 - 0x000000006bad3000 	F:\Program Files\Java\jdk1.8.0_45\jre\bin\server\jvm.dll
0x00007ffed1170000 - 0x00007ffed1179000 	C:\WINDOWS\SYSTEM32\WSOCK32.dll
0x00007ffed16d0000 - 0x00007ffed16ef000 	C:\WINDOWS\system32\WINMM.dll
0x00007ffecf010000 - 0x00007ffecf01a000 	C:\WINDOWS\SYSTEM32\VERSION.dll
0x00007ffed3930000 - 0x00007ffed3937000 	C:\WINDOWS\system32\PSAPI.DLL
0x00007ffed3b50000 - 0x00007ffed3ba8000 	C:\WINDOWS\system32\WS2_32.dll
0x00007ffed1280000 - 0x00007ffed12aa000 	C:\WINDOWS\system32\WINMMBASE.dll
0x00007ffed3b40000 - 0x00007ffed3b49000 	C:\WINDOWS\system32\NSI.dll
0x00007ffed12d0000 - 0x00007ffed131a000 	C:\WINDOWS\SYSTEM32\cfgmgr32.dll
0x00007ffed1250000 - 0x00007ffed1276000 	C:\WINDOWS\system32\DEVOBJ.dll
0x000000006b240000 - 0x000000006b24f000 	F:\Program Files\Java\jdk1.8.0_45\jre\bin\verify.dll
0x000000006b210000 - 0x000000006b239000 	F:\Program Files\Java\jdk1.8.0_45\jre\bin\java.dll
0x000000006b1f0000 - 0x000000006b206000 	F:\Program Files\Java\jdk1.8.0_45\jre\bin\zip.dll
0x00007ffeba920000 - 0x00007ffebaaa8000 	C:\WINDOWS\SYSTEM32\dbghelp.dll

VM Arguments:
jvm_args: -Xmx1024M -Dfile.encoding=GBK -Duser.country=CN -Duser.language=zh -Duser.variant 
java_command: com.android.dx.command.Main --dex --output F:\code\Studio\Traveling\app\build\intermediates\pre-dexed\debug\classes-30e6bff0c815c604c50121850943d05c4258056e.jar F:\code\Studio\Traveling\app\build\intermediates\exploded-aar\com.android.support\support-v4\22.2.0\jars\classes.jar
java_class_path (initial): F:\Program Files\adt-bundle-windows-x86_64-20140321\sdk\build-tools\22.0.1\lib\dx.jar
Launcher Type: SUN_STANDARD

Environment Variables:
PATH=C:\ProgramData\Oracle\Java\javapath;C:\Program Files (x86)\Intel\iCLS Client\;C:\Program Files\Intel\iCLS Client\;C:\Program Files (x86)\AMD APP\bin\x86_64;C:\Program Files (x86)\AMD APP\bin\x86;C:\WINDOWS\system32;C:\WINDOWS;C:\WINDOWS\System32\Wbem;C:\WINDOWS\System32\WindowsPowerShell\v1.0\;C:\Program Files (x86)\ATI Technologies\ATI.ACE\Core-Static;C:\Program Files\Intel\Intel(R) Management Engine Components\DAL;C:\Program Files\Intel\Intel(R) Management Engine Components\IPT;C:\Program Files (x86)\Intel\Intel(R) Management Engine Components\DAL;C:\Program Files (x86)\Intel\Intel(R) Management Engine Components\IPT;C:\Program Files (x86)\Microsoft SQL Server\100\Tools\Binn\;C:\Program Files\Microsoft SQL Server\100\Tools\Binn\;C:\Program Files\Microsoft SQL Server\100\DTS\Binn\;C:\Program Files (x86)\Windows Live\Shared;C:\Oracle\ora90\BIN\;C:\Program Files (x86)\Windows Kits\8.1\Windows Performance Toolkit\;C:\Program Files\Microsoft SQL Server\110\Tools\Binn\;C:\Program Files (x86)\AMD\ATI.ACE\Core-Static;F:\android-ndk-r10c;F:\Program Files\gradle-2.3\bin;C:\Program Files (x86)\Git\cmd;C:\Program Files (x86)\Git\bin;F:\Program Files\cocos2d-x-3.4\templates;F:\Program Files\cocos2d-x-3.4\tools\cocos2d-console\bin;F:\cygwin64\bin;F:\Program Files\adt-bundle-windows-x86_64-20140321\sdk\platform-tools;F:\Program Files\adt-bundle-windows-x86_64-20140321\sdk\tools;F:\Program Files\Java\jdk1.8.0_45\bin;F:\apache-ant-1.9.4\bin;F:\android-ndk-r10c;F:\Python27
USERNAME=Wouldyou
OS=Windows_NT
PROCESSOR_IDENTIFIER=Intel64 Family 6 Model 58 Stepping 9, GenuineIntel



---------------  S Y S T E M  ---------------

OS: Windows 8.1 , 64 bit Build 9600 (6.3.9600.17056)

CPU:total 4 (2 cores per cpu, 2 threads per core) family 6 model 58 stepping 9, cmov, cx8, fxsr, mmx, sse, sse2, sse3, ssse3, sse4.1, sse4.2, popcnt, avx, aes, clmul, erms, ht, tsc, tscinvbit, tscinv

Memory: 4k page, physical 4088092k(226328k free), swap 7233820k(5048k free)

vm_info: Java HotSpot(TM) 64-Bit Server VM (25.45-b02) for windows-amd64 JRE (1.8.0_45-b15), built on Apr 30 2015 12:40:44 by "java_re" with MS VC++ 10.0 (VS2010)

time: Fri Jun 05 05:22:52 2015
elapsed time: 11 seconds (0d 0h 0m 11s)

