#
# There is insufficient memory for the Java Runtime Environment to continue.
# Native memory allocation (malloc) failed to allocate 53776 bytes for Chunk::new
# Possible reasons:
#   The system is out of physical RAM or swap space
#   In 32 bit mode, the process size limit was hit
# Possible solutions:
#   Reduce memory load on the system
#   Increase physical memory or swap space
#   Check if swap backing store is full
#   Use 64 bit Java on a 64 bit OS
#   Decrease Java heap size (-Xmx/-Xms)
#   Decrease number of Java threads
#   Decrease Java thread stack sizes (-Xss)
#   Set larger code cache with -XX:ReservedCodeCacheSize=
# This output file may be truncated or incomplete.
#
#  Out of Memory Error (allocation.cpp:390), pid=3192, tid=7908
#
# JRE version: Java(TM) SE Runtime Environment (8.0_45-b15) (build 1.8.0_45-b15)
# Java VM: Java HotSpot(TM) 64-Bit Server VM (25.45-b02 mixed mode windows-amd64 compressed oops)
# Failed to write core dump. Minidumps are not enabled by default on client versions of Windows
#

---------------  T H R E A D  ---------------

Current thread (0x0000000016cf3800):  JavaThread "C2 CompilerThread1" daemon [_thread_in_native, id=7908, stack(0x00000000170f0000,0x00000000171f0000)]

Stack: [0x00000000170f0000,0x00000000171f0000]
Native frames: (J=compiled Java code, j=interpreted, Vv=VM code, C=native code)
V  [jvm.dll+0x32b57a]


Current CompileTask:
C2:    886  693       4       java.util.HashSet::contains (9 bytes)


---------------  P R O C E S S  ---------------

Java Threads: ( => current thread )
  0x0000000016d7e800 JavaThread "Service Thread" daemon [_thread_blocked, id=3604, stack(0x00000000172f0000,0x00000000173f0000)]
  0x0000000016cfa800 JavaThread "C1 CompilerThread2" daemon [_thread_in_native, id=2912, stack(0x00000000171f0000,0x00000000172f0000)]
=>0x0000000016cf3800 JavaThread "C2 CompilerThread1" daemon [_thread_in_native, id=7908, stack(0x00000000170f0000,0x00000000171f0000)]
  0x00000000156ed000 JavaThread "C2 CompilerThread0" daemon [_thread_in_native, id=7132, stack(0x0000000016bf0000,0x0000000016cf0000)]
  0x00000000156ea000 JavaThread "Attach Listener" daemon [_thread_blocked, id=8552, stack(0x0000000016af0000,0x0000000016bf0000)]
  0x000000001569f000 JavaThread "Signal Dispatcher" daemon [_thread_blocked, id=8484, stack(0x00000000169f0000,0x0000000016af0000)]
  0x0000000002ec7000 JavaThread "Finalizer" daemon [_thread_blocked, id=8548, stack(0x00000000168f0000,0x00000000169f0000)]
  0x0000000002ebe000 JavaThread "Reference Handler" daemon [_thread_blocked, id=7872, stack(0x00000000167f0000,0x00000000168f0000)]
  0x0000000002fbd800 JavaThread "main" [_thread_in_vm, id=6948, stack(0x0000000002990000,0x0000000002a90000)]

Other Threads:
  0x0000000015658000 VMThread [stack: 0x00000000166f0000,0x00000000167f0000] [id=192]
  0x0000000016d92000 WatcherThread [stack: 0x00000000173f0000,0x00000000174f0000] [id=3396]

VM state:not at safepoint (normal execution)

VM Mutex/Monitor currently owned by a thread: None

Heap:
 PSYoungGen      total 18944K, used 10778K [0x00000000eab00000, 0x00000000ec000000, 0x0000000100000000)
  eden space 16384K, 65% used [0x00000000eab00000,0x00000000eb5869a8,0x00000000ebb00000)
  from space 2560K, 0% used [0x00000000ebd80000,0x00000000ebd80000,0x00000000ec000000)
  to   space 2560K, 0% used [0x00000000ebb00000,0x00000000ebb00000,0x00000000ebd80000)
 ParOldGen       total 44032K, used 0K [0x00000000c0000000, 0x00000000c2b00000, 0x00000000eab00000)
  object space 44032K, 0% used [0x00000000c0000000,0x00000000c0000000,0x00000000c2b00000)
 Metaspace       used 5199K, capacity 6512K, committed 6784K, reserved 1056768K
  class space    used 544K, capacity 616K, committed 640K, reserved 1048576K

Card table byte_map: [0x0000000012380000,0x0000000012590000] byte_map_base: 0x0000000011d80000

Marking Bits: (ParMarkBitMap*) 0x000000006ba54040
 Begin Bits: [0x0000000012af0000, 0x0000000013af0000)
 End Bits:   [0x0000000013af0000, 0x0000000014af0000)

Polling page: 0x0000000001240000

CodeCache: size=245760Kb used=2664Kb max_used=2664Kb free=243095Kb
 bounds [0x0000000002fc0000, 0x0000000003260000, 0x0000000011fc0000]
 total_blobs=968 nmethods=703 adapters=178
 compilation: enabled

Compilation events (10 events):
Event: 0.876 Thread 0x0000000016cfa800  696       3       java.util.BitSet::set (124 bytes)
Event: 0.876 Thread 0x0000000016cfa800 nmethod 696 0x000000000324d590 code [0x000000000324d760, 0x000000000324dd28]
Event: 0.876 Thread 0x0000000016cfa800  692       3       com.android.dx.cf.code.Ropper::isSynchronized (21 bytes)
Event: 0.877 Thread 0x0000000016cfa800 nmethod 692 0x000000000324e110 code [0x000000000324e280, 0x000000000324e5e8]
Event: 0.877 Thread 0x0000000016cfa800  695       3       com.android.dx.cf.code.Merger::isPossiblyAssignableFrom (202 bytes)
Event: 0.879 Thread 0x0000000016cfa800 nmethod 695 0x000000000324e710 code [0x000000000324ea60, 0x00000000032509c8]
Event: 0.879 Thread 0x0000000016cfa800  704       3       com.android.dx.ssa.LocalVariableExtractor::processBlock (383 bytes)
Event: 0.880 Thread 0x00000000156ed000  706       4       java.util.ArrayList::isEmpty (13 bytes)
Event: 0.881 Thread 0x00000000156ed000 nmethod 706 0x00000000031acb50 code [0x00000000031acc80, 0x00000000031accf8]
Event: 0.881 Thread 0x00000000156ed000  707       4       com.android.dx.ssa.SsaBasicBlock::forEachInsn (37 bytes)

GC Heap History (0 events):
No events

Deoptimization events (0 events):
No events

Internal exceptions (2 events):
Event: 0.241 Thread 0x0000000002fbd800 Exception <a 'java/lang/NoSuchMethodError': Method sun.misc.Unsafe.defineClass(Ljava/lang/String;[BII)Ljava/lang/Class; name or signature does not match> (0x00000000eab12ed8) thrown at [C:\re\workspace\8-2-build-windows-amd64-cygwin\jdk8u45\3627\hotspot\sr∏§` Ÿ‘Œ?
Event: 0.241 Thread 0x0000000002fbd800 Exception <a 'java/lang/NoSuchMethodError': Method sun.misc.Unsafe.prefetchRead(Ljava/lang/Object;J)V name or signature does not match> (0x00000000eab13168) thrown at [C:\re\workspace\8-2-build-windows-amd64-cygwin\jdk8u45\3627\hotspot\src\share\vm\prims\j

Events (10 events):
Event: 0.692 loading class com/android/dx/cf/attrib/RawAttribute
Event: 0.692 loading class com/android/dx/cf/attrib/RawAttribute done
Event: 0.716 loading class com/android/dx/ssa/PhiInsn$Operand
Event: 0.716 loading class com/android/dx/ssa/PhiInsn$Operand done
Event: 0.735 loading class java/util/TreeMap$EntrySet
Event: 0.735 loading class java/util/TreeMap$EntrySet done
Event: 0.735 loading class java/util/TreeMap$EntryIterator
Event: 0.735 loading class java/util/TreeMap$EntryIterator done
Event: 0.738 loading class com/android/dx/ssa/back/FirstFitLocalCombiningAllocator$Multiset
Event: 0.738 loading class com/android/dx/ssa/back/FirstFitLocalCombiningAllocator$Multiset done


Dynamic libraries:
0x00007ff7a96c0000 - 0x00007ff7a96f7000 	F:\Program Files\Java\jdk1.8.0_45\bin\java.exe
0x00007ffed4200000 - 0x00007ffed43ac000 	C:\WINDOWS\SYSTEM32\ntdll.dll
0x00007ffed37f0000 - 0x00007ffed392a000 	C:\WINDOWS\system32\KERNEL32.DLL
0x00007ffed1320000 - 0x00007ffed142f000 	C:\WINDOWS\system32\KERNELBASE.dll
0x00007ffecfce0000 - 0x00007ffecfd68000 	C:\WINDOWS\system32\apphelp.dll
0x00007ffeccb00000 - 0x00007ffeccb4f000 	C:\WINDOWS\AppPatch\AppPatch64\AcGenral.DLL
0x00007ffed3ee0000 - 0x00007ffed3f87000 	C:\WINDOWS\system32\msvcrt.dll
0x00007ffed1030000 - 0x00007ffed105b000 	C:\WINDOWS\SYSTEM32\SspiCli.dll
0x00007ffed1a50000 - 0x00007ffed1aa1000 	C:\WINDOWS\system32\SHLWAPI.dll
0x00007ffed18d0000 - 0x00007ffed1a41000 	C:\WINDOWS\system32\USER32.dll
0x00007ffed1c30000 - 0x00007ffed1da8000 	C:\WINDOWS\system32\ole32.dll
0x00007ffed1ff0000 - 0x00007ffed33ff000 	C:\WINDOWS\system32\SHELL32.dll
0x00007ffed07e0000 - 0x00007ffed07fe000 	C:\WINDOWS\SYSTEM32\USERENV.dll
0x00007ffed3c50000 - 0x00007ffed3cf5000 	C:\WINDOWS\system32\ADVAPI32.dll
0x00007ffec9250000 - 0x00007ffec926b000 	C:\WINDOWS\SYSTEM32\MPR.dll
0x00007ffed1db0000 - 0x00007ffed1ee7000 	C:\WINDOWS\system32\RPCRT4.dll
0x00007ffed3fc0000 - 0x00007ffed4017000 	C:\WINDOWS\SYSTEM32\sechost.dll
0x00007ffed3d00000 - 0x00007ffed3ed6000 	C:\WINDOWS\SYSTEM32\combase.dll
0x00007ffed3980000 - 0x00007ffed3ac4000 	C:\WINDOWS\system32\GDI32.dll
0x00007ffed11a0000 - 0x00007ffed11b4000 	C:\WINDOWS\SYSTEM32\profapi.dll
0x00007ffecfda0000 - 0x00007ffecfe3f000 	C:\WINDOWS\SYSTEM32\SHCORE.dll
0x00007ffed3940000 - 0x00007ffed3974000 	C:\WINDOWS\system32\IMM32.DLL
0x00007ffed36b0000 - 0x00007ffed37e9000 	C:\WINDOWS\system32\MSCTF.dll
0x00007ffeced80000 - 0x00007ffecefda000 	C:\WINDOWS\WinSxS\amd64_microsoft.windows.common-controls_6595b64144ccf1df_6.0.9600.17031_none_6242a4b3ecbb55a1\COMCTL32.dll
0x000000006add0000 - 0x000000006aea2000 	F:\Program Files\Java\jdk1.8.0_45\jre\bin\msvcr100.dll
0x000000006b250000 - 0x000000006bad3000 	F:\Program Files\Java\jdk1.8.0_45\jre\bin\server\jvm.dll
0x00007ffed1170000 - 0x00007ffed1179000 	C:\WINDOWS\SYSTEM32\WSOCK32.dll
0x00007ffed16d0000 - 0x00007ffed16ef000 	C:\WINDOWS\system32\WINMM.dll
0x00007ffecf010000 - 0x00007ffecf01a000 	C:\WINDOWS\SYSTEM32\VERSION.dll
0x00007ffed3930000 - 0x00007ffed3937000 	C:\WINDOWS\system32\PSAPI.DLL
0x00007ffed3b50000 - 0x00007ffed3ba8000 	C:\WINDOWS\system32\WS2_32.dll
0x00007ffed1280000 - 0x00007ffed12aa000 	C:\WINDOWS\system32\WINMMBASE.dll
0x00007ffed3b40000 - 0x00007ffed3b49000 	C:\WINDOWS\system32\NSI.dll
0x00007ffed12d0000 - 0x00007ffed131a000 	C:\WINDOWS\SYSTEM32\cfgmgr32.dll
0x00007ffed1250000 - 0x00007ffed1276000 	C:\WINDOWS\system32\DEVOBJ.dll
0x000000006b240000 - 0x000000006b24f000 	F:\Program Files\Java\jdk1.8.0_45\jre\bin\verify.dll
0x000000006b210000 - 0x000000006b239000 	F:\Program Files\Java\jdk1.8.0_45\jre\bin\java.dll
0x000000006b1f0000 - 0x000000006b206000 	F:\Program Files\Java\jdk1.8.0_45\jre\bin\zip.dll

VM Arguments:
jvm_args: -Xmx1024M -Dfile.encoding=GBK -Duser.country=CN -Duser.language=zh -Duser.variant 
java_command: com.android.dx.command.Main --dex --output F:\code\Studio\Traveling\app\build\intermediates\pre-dexed\debug\classes-f711281706ba09854e4387f00bf59f7093c2b50d.jar F:\code\Studio\Traveling\app\build\intermediates\exploded-aar\com.android.support\cardview-v7\22.0.0\jars\classes.jar
java_class_path (initial): F:\Program Files\adt-bundle-windows-x86_64-20140321\sdk\build-tools\22.0.1\lib\dx.jar
Launcher Type: SUN_STANDARD

Environment Variables:
PATH=C:\ProgramData\Oracle\Java\javapath;C:\Program Files (x86)\Intel\iCLS Client\;C:\Program Files\Intel\iCLS Client\;C:\Program Files (x86)\AMD APP\bin\x86_64;C:\Program Files (x86)\AMD APP\bin\x86;C:\WINDOWS\system32;C:\WINDOWS;C:\WINDOWS\System32\Wbem;C:\WINDOWS\System32\WindowsPowerShell\v1.0\;C:\Program Files (x86)\ATI Technologies\ATI.ACE\Core-Static;C:\Program Files\Intel\Intel(R) Management Engine Components\DAL;C:\Program Files\Intel\Intel(R) Management Engine Components\IPT;C:\Program Files (x86)\Intel\Intel(R) Management Engine Components\DAL;C:\Program Files (x86)\Intel\Intel(R) Management Engine Components\IPT;C:\Program Files (x86)\Microsoft SQL Server\100\Tools\Binn\;C:\Program Files\Microsoft SQL Server\100\Tools\Binn\;C:\Program Files\Microsoft SQL Server\100\DTS\Binn\;C:\Program Files (x86)\Windows Live\Shared;C:\Oracle\ora90\BIN\;C:\Program Files (x86)\Windows Kits\8.1\Windows Performance Toolkit\;C:\Program Files\Microsoft SQL Server\110\Tools\Binn\;C:\Program Files (x86)\AMD\ATI.ACE\Core-Static;F:\android-ndk-r10c;F:\Program Files\gradle-2.3\bin;C:\Program Files (x86)\Git\cmd;C:\Program Files (x86)\Git\bin;F:\Program Files\cocos2d-x-3.4\templates;F:\Program Files\cocos2d-x-3.4\tools\cocos2d-console\bin;F:\cygwin64\bin;F:\Program Files\adt-bundle-windows-x86_64-20140321\sdk\platform-tools;F:\Program Files\adt-bundle-windows-x86_64-20140321\sdk\tools;F:\Program Files\Java\jdk1.8.0_45\bin;F:\apache-ant-1.9.4\bin;F:\android-ndk-r10c;F:\Python27
USERNAME=Wouldyou
OS=Windows_NT
PROCESSOR_IDENTIFIER=Intel64 Family 6 Model 58 Stepping 9, GenuineIntel



---------------  S Y S T E M  ---------------

OS: Windows 8.1 , 64 bit Build 9600 (6.3.9600.17056)

CPU:total 4 (2 cores per cpu, 2 threads per core) family 6 model 58 stepping 9, cmov, cx8, fxsr, mmx, sse, sse2, sse3, ssse3, sse4.1, sse4.2, popcnt, avx, aes, clmul, erms, ht, tsc, tscinvbit, tscinv

Memory: 4k page, physical 4088092k(352816k free), swap 7233820k(5104k free)

vm_info: Java HotSpot(TM) 64-Bit Server VM (25.45-b02) for windows-amd64 JRE (1.8.0_45-b15), built on Apr 30 2015 12:40:44 by "java_re" with MS VC++ 10.0 (VS2010)

time: Fri Jun 05 05:18:51 2015
elapsed time: 0 seconds (0d 0h 0m 0s)

