#
# There is insufficient memory for the Java Runtime Environment to continue.
# Native memory allocation (malloc) failed to allocate 433456 bytes for Chunk::new
# Possible reasons:
#   The system is out of physical RAM or swap space
#   In 32 bit mode, the process size limit was hit
# Possible solutions:
#   Reduce memory load on the system
#   Increase physical memory or swap space
#   Check if swap backing store is full
#   Use 64 bit Java on a 64 bit OS
#   Decrease Java heap size (-Xmx/-Xms)
#   Decrease number of Java threads
#   Decrease Java thread stack sizes (-Xss)
#   Set larger code cache with -XX:ReservedCodeCacheSize=
# This output file may be truncated or incomplete.
#
#  Out of Memory Error (allocation.cpp:390), pid=4780, tid=3264
#
# JRE version: Java(TM) SE Runtime Environment (8.0_45-b15) (build 1.8.0_45-b15)
# Java VM: Java HotSpot(TM) 64-Bit Server VM (25.45-b02 mixed mode windows-amd64 compressed oops)
# Failed to write core dump. Minidumps are not enabled by default on client versions of Windows
#

---------------  T H R E A D  ---------------

Current thread (0x0000000016c57000):  JavaThread "C2 CompilerThread1" daemon [_thread_in_native, id=3264, stack(0x0000000017000000,0x0000000017100000)]

Stack: [0x0000000017000000,0x0000000017100000]
Native frames: (J=compiled Java code, j=interpreted, Vv=VM code, C=native code)
V  [jvm.dll+0x32b57a]


Current CompileTask:
C2:   2913  857       4       com.android.dx.ssa.back.LivenessAnalyzer::handleTailRecursion (94 bytes)


---------------  P R O C E S S  ---------------

Java Threads: ( => current thread )
  0x0000000016c60000 JavaThread "Service Thread" daemon [_thread_blocked, id=9168, stack(0x0000000017200000,0x0000000017300000)]
  0x0000000016c59800 JavaThread "C1 CompilerThread2" daemon [_thread_blocked, id=8212, stack(0x0000000017100000,0x0000000017200000)]
=>0x0000000016c57000 JavaThread "C2 CompilerThread1" daemon [_thread_in_native, id=3264, stack(0x0000000017000000,0x0000000017100000)]
  0x000000001560d000 JavaThread "C2 CompilerThread0" daemon [_thread_in_native, id=7104, stack(0x0000000016b00000,0x0000000016c00000)]
  0x000000001560a000 JavaThread "Attach Listener" daemon [_thread_blocked, id=7688, stack(0x0000000016a00000,0x0000000016b00000)]
  0x00000000155bf800 JavaThread "Signal Dispatcher" daemon [_thread_blocked, id=9972, stack(0x0000000016900000,0x0000000016a00000)]
  0x0000000002ed1800 JavaThread "Finalizer" daemon [_thread_blocked, id=6312, stack(0x0000000016800000,0x0000000016900000)]
  0x0000000002ece000 JavaThread "Reference Handler" daemon [_thread_blocked, id=6656, stack(0x0000000016700000,0x0000000016800000)]
  0x000000000296d800 JavaThread "main" [_thread_in_Java, id=1712, stack(0x0000000002ce0000,0x0000000002de0000)]

Other Threads:
  0x0000000015578000 VMThread [stack: 0x0000000016600000,0x0000000016700000] [id=4260]
  0x0000000016c61800 WatcherThread [stack: 0x0000000017300000,0x0000000017400000] [id=8448]

VM state:not at safepoint (normal execution)

VM Mutex/Monitor currently owned by a thread: None

Heap:
 PSYoungGen      total 18944K, used 12136K [0x00000000eab00000, 0x00000000ec000000, 0x0000000100000000)
  eden space 16384K, 74% used [0x00000000eab00000,0x00000000eb6da2c8,0x00000000ebb00000)
  from space 2560K, 0% used [0x00000000ebd80000,0x00000000ebd80000,0x00000000ec000000)
  to   space 2560K, 0% used [0x00000000ebb00000,0x00000000ebb00000,0x00000000ebd80000)
 ParOldGen       total 44032K, used 0K [0x00000000c0000000, 0x00000000c2b00000, 0x00000000eab00000)
  object space 44032K, 0% used [0x00000000c0000000,0x00000000c0000000,0x00000000c2b00000)
 Metaspace       used 5453K, capacity 6704K, committed 6784K, reserved 1056768K
  class space    used 548K, capacity 616K, committed 640K, reserved 1048576K

Card table byte_map: [0x00000000122a0000,0x00000000124b0000] byte_map_base: 0x0000000011ca0000

Marking Bits: (ParMarkBitMap*) 0x000000006ba54040
 Begin Bits: [0x0000000012a10000, 0x0000000013a10000)
 End Bits:   [0x0000000013a10000, 0x0000000014a10000)

Polling page: 0x00000000010a0000

CodeCache: size=245760Kb used=3630Kb max_used=3630Kb free=242129Kb
 bounds [0x0000000002ee0000, 0x0000000003270000, 0x0000000011ee0000]
 total_blobs=1133 nmethods=868 adapters=178
 compilation: enabled

Compilation events (10 events):
Event: 2.849 Thread 0x0000000016c59800 nmethod 852 0x0000000003252e50 code [0x0000000003253000, 0x0000000003253768]
Event: 2.850 Thread 0x0000000016c59800  853       3       com.android.dx.ssa.RegisterMapper::<init> (5 bytes)
Event: 2.850 Thread 0x0000000016c59800 nmethod 853 0x0000000003251e10 code [0x0000000003251f60, 0x0000000003252110]
Event: 2.851 Thread 0x0000000016c59800  854       3       com.android.dx.ssa.SsaMethod::onInsnRemoved (43 bytes)
Event: 2.851 Thread 0x0000000016c59800 nmethod 854 0x000000000325cf10 code [0x000000000325d0a0, 0x000000000325d658]
Event: 2.852 Thread 0x0000000016c59800  855       3       java.util.ArrayList::indexOf (67 bytes)
Event: 2.852 Thread 0x0000000016c59800 nmethod 855 0x0000000003252550 code [0x00000000032526e0, 0x0000000003252ba8]
Event: 2.852 Thread 0x0000000016c57000  856       4       com.android.dx.ssa.back.LivenessAnalyzer::liveInAtStatement (55 bytes)
Event: 2.867 Thread 0x0000000016c57000 nmethod 856 0x000000000325c050 code [0x000000000325c1e0, 0x000000000325c8c8]
Event: 2.867 Thread 0x0000000016c57000  857       4       com.android.dx.ssa.back.LivenessAnalyzer::handleTailRecursion (94 bytes)

GC Heap History (0 events):
No events

Deoptimization events (2 events):
Event: 2.606 Thread 0x000000000296d800 Uncommon trap: reason=class_check action=maybe_recompile pc=0x0000000003184cf0 method=com.android.dx.ssa.NormalSsaInsn.accept(Lcom/android/dx/ssa/SsaInsn$Visitor;)V @ 9
Event: 2.685 Thread 0x000000000296d800 Uncommon trap: reason=class_check action=maybe_recompile pc=0x0000000003184cf0 method=com.android.dx.ssa.NormalSsaInsn.accept(Lcom/android/dx/ssa/SsaInsn$Visitor;)V @ 9

Internal exceptions (2 events):
Event: 0.236 Thread 0x000000000296d800 Exception <a 'java/lang/NoSuchMethodError': Method sun.misc.Unsafe.defineClass(Ljava/lang/String;[BII)Ljava/lang/Class; name or signature does not match> (0x00000000eab12ed8) thrown at [C:\re\workspace\8-2-build-windows-amd64-cygwin\jdk8u45\3627\hotspot\sr*œ¬?2Î?
Event: 0.236 Thread 0x000000000296d800 Exception <a 'java/lang/NoSuchMethodError': Method sun.misc.Unsafe.prefetchRead(Ljava/lang/Object;J)V name or signature does not match> (0x00000000eab13168) thrown at [C:\re\workspace\8-2-build-windows-amd64-cygwin\jdk8u45\3627\hotspot\src\share\vm\prims\j

Events (10 events):
Event: 2.614 loading class java/util/DualPivotQuicksort done
Event: 2.677 loading class java/util/ArrayList$1
Event: 2.678 loading class java/util/ArrayList$1 done
Event: 2.685 Thread 0x000000000296d800 Uncommon trap: trap_request=0xffffffde fr.pc=0x0000000003184cf0
Event: 2.685 Thread 0x000000000296d800 DEOPT PACKING pc=0x0000000003184cf0 sp=0x0000000002dde690
Event: 2.685 Thread 0x000000000296d800 DEOPT UNPACKING pc=0x0000000002f2582a sp=0x0000000002dde620 mode 2
Event: 2.711 loading class com/android/dx/cf/code/BytecodeArray$ConstantParserVisitor
Event: 2.711 loading class com/android/dx/cf/code/BytecodeArray$ConstantParserVisitor done
Event: 2.831 Executing VM operation: ForceSafepoint
Event: 2.831 Executing VM operation: ForceSafepoint done


Dynamic libraries:
0x00007ff7a96c0000 - 0x00007ff7a96f7000 	F:\Program Files\Java\jdk1.8.0_45\bin\java.exe
0x00007ffed4200000 - 0x00007ffed43ac000 	C:\WINDOWS\SYSTEM32\ntdll.dll
0x00007ffed37f0000 - 0x00007ffed392a000 	C:\WINDOWS\system32\KERNEL32.DLL
0x00007ffed1320000 - 0x00007ffed142f000 	C:\WINDOWS\system32\KERNELBASE.dll
0x00007ffecfce0000 - 0x00007ffecfd68000 	C:\WINDOWS\system32\apphelp.dll
0x00007ffeccb00000 - 0x00007ffeccb4f000 	C:\WINDOWS\AppPatch\AppPatch64\AcGenral.DLL
0x00007ffed3ee0000 - 0x00007ffed3f87000 	C:\WINDOWS\system32\msvcrt.dll
0x00007ffed1030000 - 0x00007ffed105b000 	C:\WINDOWS\SYSTEM32\SspiCli.dll
0x00007ffed1a50000 - 0x00007ffed1aa1000 	C:\WINDOWS\system32\SHLWAPI.dll
0x00007ffed18d0000 - 0x00007ffed1a41000 	C:\WINDOWS\system32\USER32.dll
0x00007ffed1c30000 - 0x00007ffed1da8000 	C:\WINDOWS\system32\ole32.dll
0x00007ffed1ff0000 - 0x00007ffed33ff000 	C:\WINDOWS\system32\SHELL32.dll
0x00007ffed07e0000 - 0x00007ffed07fe000 	C:\WINDOWS\SYSTEM32\USERENV.dll
0x00007ffed3c50000 - 0x00007ffed3cf5000 	C:\WINDOWS\system32\ADVAPI32.dll
0x00007ffec9250000 - 0x00007ffec926b000 	C:\WINDOWS\SYSTEM32\MPR.dll
0x00007ffed1db0000 - 0x00007ffed1ee7000 	C:\WINDOWS\system32\RPCRT4.dll
0x00007ffed3fc0000 - 0x00007ffed4017000 	C:\WINDOWS\SYSTEM32\sechost.dll
0x00007ffed3d00000 - 0x00007ffed3ed6000 	C:\WINDOWS\SYSTEM32\combase.dll
0x00007ffed3980000 - 0x00007ffed3ac4000 	C:\WINDOWS\system32\GDI32.dll
0x00007ffed11a0000 - 0x00007ffed11b4000 	C:\WINDOWS\SYSTEM32\profapi.dll
0x00007ffecfda0000 - 0x00007ffecfe3f000 	C:\WINDOWS\SYSTEM32\SHCORE.dll
0x00007ffed3940000 - 0x00007ffed3974000 	C:\WINDOWS\system32\IMM32.DLL
0x00007ffed36b0000 - 0x00007ffed37e9000 	C:\WINDOWS\system32\MSCTF.dll
0x00007ffeced80000 - 0x00007ffecefda000 	C:\WINDOWS\WinSxS\amd64_microsoft.windows.common-controls_6595b64144ccf1df_6.0.9600.17031_none_6242a4b3ecbb55a1\COMCTL32.dll
0x000000006add0000 - 0x000000006aea2000 	F:\Program Files\Java\jdk1.8.0_45\jre\bin\msvcr100.dll
0x000000006b250000 - 0x000000006bad3000 	F:\Program Files\Java\jdk1.8.0_45\jre\bin\server\jvm.dll
0x00007ffed1170000 - 0x00007ffed1179000 	C:\WINDOWS\SYSTEM32\WSOCK32.dll
0x00007ffed16d0000 - 0x00007ffed16ef000 	C:\WINDOWS\system32\WINMM.dll
0x00007ffecf010000 - 0x00007ffecf01a000 	C:\WINDOWS\SYSTEM32\VERSION.dll
0x00007ffed3930000 - 0x00007ffed3937000 	C:\WINDOWS\system32\PSAPI.DLL
0x00007ffed3b50000 - 0x00007ffed3ba8000 	C:\WINDOWS\system32\WS2_32.dll
0x00007ffed1280000 - 0x00007ffed12aa000 	C:\WINDOWS\system32\WINMMBASE.dll
0x00007ffed3b40000 - 0x00007ffed3b49000 	C:\WINDOWS\system32\NSI.dll
0x00007ffed12d0000 - 0x00007ffed131a000 	C:\WINDOWS\SYSTEM32\cfgmgr32.dll
0x00007ffed1250000 - 0x00007ffed1276000 	C:\WINDOWS\system32\DEVOBJ.dll
0x000000006b240000 - 0x000000006b24f000 	F:\Program Files\Java\jdk1.8.0_45\jre\bin\verify.dll
0x000000006b210000 - 0x000000006b239000 	F:\Program Files\Java\jdk1.8.0_45\jre\bin\java.dll
0x000000006b1f0000 - 0x000000006b206000 	F:\Program Files\Java\jdk1.8.0_45\jre\bin\zip.dll
0x00007ffeba920000 - 0x00007ffebaaa8000 	C:\WINDOWS\SYSTEM32\dbghelp.dll

VM Arguments:
jvm_args: -Xmx1024M -Dfile.encoding=GBK -Duser.country=CN -Duser.language=zh -Duser.variant 
java_command: com.android.dx.command.Main --dex --output F:\code\Studio\Traveling\app\build\intermediates\pre-dexed\debug\library-2.4.0-4767404f6b9e1c461e10d5555c512fb09a85a6f8.jar C:\Users\Ò»Ãù\.gradle\caches\modules-2\files-2.1\com.nineoldandroids\library\2.4.0\e9b63380f3a242dbdbf103a2355ad7e43bad17cb\library-2.4.0.jar
java_class_path (initial): F:\Program Files\adt-bundle-windows-x86_64-20140321\sdk\build-tools\22.0.1\lib\dx.jar
Launcher Type: SUN_STANDARD

Environment Variables:
PATH=C:\ProgramData\Oracle\Java\javapath;C:\Program Files (x86)\Intel\iCLS Client\;C:\Program Files\Intel\iCLS Client\;C:\Program Files (x86)\AMD APP\bin\x86_64;C:\Program Files (x86)\AMD APP\bin\x86;C:\WINDOWS\system32;C:\WINDOWS;C:\WINDOWS\System32\Wbem;C:\WINDOWS\System32\WindowsPowerShell\v1.0\;C:\Program Files (x86)\ATI Technologies\ATI.ACE\Core-Static;C:\Program Files\Intel\Intel(R) Management Engine Components\DAL;C:\Program Files\Intel\Intel(R) Management Engine Components\IPT;C:\Program Files (x86)\Intel\Intel(R) Management Engine Components\DAL;C:\Program Files (x86)\Intel\Intel(R) Management Engine Components\IPT;C:\Program Files (x86)\Microsoft SQL Server\100\Tools\Binn\;C:\Program Files\Microsoft SQL Server\100\Tools\Binn\;C:\Program Files\Microsoft SQL Server\100\DTS\Binn\;C:\Program Files (x86)\Windows Live\Shared;C:\Oracle\ora90\BIN\;C:\Program Files (x86)\Windows Kits\8.1\Windows Performance Toolkit\;C:\Program Files\Microsoft SQL Server\110\Tools\Binn\;C:\Program Files (x86)\AMD\ATI.ACE\Core-Static;F:\android-ndk-r10c;F:\Program Files\gradle-2.3\bin;C:\Program Files (x86)\Git\cmd;C:\Program Files (x86)\Git\bin;F:\Program Files\cocos2d-x-3.4\templates;F:\Program Files\cocos2d-x-3.4\tools\cocos2d-console\bin;F:\cygwin64\bin;F:\Program Files\adt-bundle-windows-x86_64-20140321\sdk\platform-tools;F:\Program Files\adt-bundle-windows-x86_64-20140321\sdk\tools;F:\Program Files\Java\jdk1.8.0_45\bin;F:\apache-ant-1.9.4\bin;F:\android-ndk-r10c;F:\Python27
USERNAME=Wouldyou
OS=Windows_NT
PROCESSOR_IDENTIFIER=Intel64 Family 6 Model 58 Stepping 9, GenuineIntel



---------------  S Y S T E M  ---------------

OS: Windows 8.1 , 64 bit Build 9600 (6.3.9600.17056)

CPU:total 4 (2 cores per cpu, 2 threads per core) family 6 model 58 stepping 9, cmov, cx8, fxsr, mmx, sse, sse2, sse3, ssse3, sse4.1, sse4.2, popcnt, avx, aes, clmul, erms, ht, tsc, tscinvbit, tscinv

Memory: 4k page, physical 4088092k(162364k free), swap 7233820k(4912k free)

vm_info: Java HotSpot(TM) 64-Bit Server VM (25.45-b02) for windows-amd64 JRE (1.8.0_45-b15), built on Apr 30 2015 12:40:44 by "java_re" with MS VC++ 10.0 (VS2010)

time: Fri Jun 05 05:18:59 2015
elapsed time: 2 seconds (0d 0h 0m 2s)

