#
# There is insufficient memory for the Java Runtime Environment to continue.
# Native memory allocation (malloc) failed to allocate 514896 bytes for Chunk::new
# Possible reasons:
#   The system is out of physical RAM or swap space
#   In 32 bit mode, the process size limit was hit
# Possible solutions:
#   Reduce memory load on the system
#   Increase physical memory or swap space
#   Check if swap backing store is full
#   Use 64 bit Java on a 64 bit OS
#   Decrease Java heap size (-Xmx/-Xms)
#   Decrease number of Java threads
#   Decrease Java thread stack sizes (-Xss)
#   Set larger code cache with -XX:ReservedCodeCacheSize=
# This output file may be truncated or incomplete.
#
#  Out of Memory Error (allocation.cpp:390), pid=8136, tid=9940
#
# JRE version: Java(TM) SE Runtime Environment (8.0_45-b15) (build 1.8.0_45-b15)
# Java VM: Java HotSpot(TM) 64-Bit Server VM (25.45-b02 mixed mode windows-amd64 compressed oops)
# Failed to write core dump. Minidumps are not enabled by default on client versions of Windows
#

---------------  T H R E A D  ---------------

Current thread (0x000000001529e000):  JavaThread "C2 CompilerThread1" daemon [_thread_in_native, id=9940, stack(0x0000000016ca0000,0x0000000016da0000)]

Stack: [0x0000000016ca0000,0x0000000016da0000]
Native frames: (J=compiled Java code, j=interpreted, Vv=VM code, C=native code)
V  [jvm.dll+0x32b57a]
V  [jvm.dll+0x279873]
V  [jvm.dll+0x27a509]
V  [jvm.dll+0x271825]
V  [jvm.dll+0xcb9e2]
V  [jvm.dll+0xcbeac]
V  [jvm.dll+0x49298c]
V  [jvm.dll+0x45f6ff]
V  [jvm.dll+0x46a73b]
V  [jvm.dll+0x46cd52]
V  [jvm.dll+0x4500f2]
V  [jvm.dll+0xa4352]
V  [jvm.dll+0xa4c8f]
V  [jvm.dll+0x241984]
V  [jvm.dll+0x29853a]
C  [msvcr100.dll+0x21d9f]
C  [msvcr100.dll+0x21e3b]
C  [KERNEL32.DLL+0x16ad]
C  [ntdll.dll+0x6eb64]


Current CompileTask:
C2:   5563  922       4       com.android.dx.ssa.NormalSsaInsn::accept (25 bytes)


---------------  P R O C E S S  ---------------

Java Threads: ( => current thread )
  0x00000000165a2000 JavaThread "Service Thread" daemon [_thread_blocked, id=7852, stack(0x0000000016ea0000,0x0000000016fa0000)]
  0x000000001660d000 JavaThread "C1 CompilerThread2" daemon [_thread_blocked, id=3780, stack(0x0000000016da0000,0x0000000016ea0000)]
=>0x000000001529e000 JavaThread "C2 CompilerThread1" daemon [_thread_in_native, id=9940, stack(0x0000000016ca0000,0x0000000016da0000)]
  0x000000001529c800 JavaThread "C2 CompilerThread0" daemon [_thread_blocked, id=1660, stack(0x0000000016ba0000,0x0000000016ca0000)]
  0x00000000165a0800 JavaThread "Attach Listener" daemon [_thread_blocked, id=9968, stack(0x0000000016aa0000,0x0000000016ba0000)]
  0x00000000165a3800 JavaThread "Signal Dispatcher" daemon [_thread_blocked, id=3892, stack(0x00000000169a0000,0x0000000016aa0000)]
  0x0000000002b67000 JavaThread "Finalizer" daemon [_thread_blocked, id=676, stack(0x00000000164a0000,0x00000000165a0000)]
  0x0000000002b5e000 JavaThread "Reference Handler" daemon [_thread_blocked, id=5764, stack(0x00000000163a0000,0x00000000164a0000)]
  0x0000000002a6d800 JavaThread "main" [_thread_in_native, id=7952, stack(0x00000000028f0000,0x00000000029f0000)]

Other Threads:
  0x0000000015208000 VMThread [stack: 0x00000000162a0000,0x00000000163a0000] [id=5864]
  0x0000000016611800 WatcherThread [stack: 0x0000000016fa0000,0x00000000170a0000] [id=10180]

VM state:not at safepoint (normal execution)

VM Mutex/Monitor currently owned by a thread: None

Heap:
 PSYoungGen      total 18944K, used 8926K [0x00000000eab00000, 0x00000000ec000000, 0x0000000100000000)
  eden space 16384K, 38% used [0x00000000eab00000,0x00000000eb13bf58,0x00000000ebb00000)
  from space 2560K, 99% used [0x00000000ebb00000,0x00000000ebd7bc88,0x00000000ebd80000)
  to   space 2560K, 0% used [0x00000000ebd80000,0x00000000ebd80000,0x00000000ec000000)
 ParOldGen       total 44032K, used 1898K [0x00000000c0000000, 0x00000000c2b00000, 0x00000000eab00000)
  object space 44032K, 4% used [0x00000000c0000000,0x00000000c01da890,0x00000000c2b00000)
 Metaspace       used 5578K, capacity 6832K, committed 7040K, reserved 1056768K
  class space    used 551K, capacity 616K, committed 640K, reserved 1048576K

Card table byte_map: [0x0000000011f30000,0x0000000012140000] byte_map_base: 0x0000000011930000

Marking Bits: (ParMarkBitMap*) 0x000000006ba54040
 Begin Bits: [0x00000000126a0000, 0x00000000136a0000)
 End Bits:   [0x00000000136a0000, 0x00000000146a0000)

Polling page: 0x0000000000dc0000

CodeCache: size=245760Kb used=4705Kb max_used=4727Kb free=241054Kb
 bounds [0x0000000002b70000, 0x0000000003020000, 0x0000000011b70000]
 total_blobs=1423 nmethods=1158 adapters=178
 compilation: enabled

Compilation events (10 events):
Event: 4.692 Thread 0x000000001660d000  924       1       com.android.dx.rop.cst.TypedConstant::isConstant (2 bytes)
Event: 4.692 Thread 0x000000001660d000 nmethod 924 0x0000000002f164d0 code [0x0000000002f16620, 0x0000000002f16730]
Event: 4.693 Thread 0x000000001660d000  925       3       com.android.dx.ssa.SsaInsn::getLocalAssignment (24 bytes)
Event: 4.693 Thread 0x000000001660d000 nmethod 925 0x0000000002f15f90 code [0x0000000002f16100, 0x0000000002f16390]
Event: 4.693 Thread 0x000000001660d000  926       3       com.android.dx.ssa.PhiInsn::hasSideEffect (19 bytes)
Event: 4.693 Thread 0x000000001660d000 nmethod 926 0x0000000002f136d0 code [0x0000000002f13840, 0x0000000002f13c90]
Event: 4.693 Thread 0x000000001660d000  927       3       java.util.ArrayList::fastRemove (57 bytes)
Event: 4.694 Thread 0x000000001660d000 nmethod 927 0x0000000002f13010 code [0x0000000002f13180, 0x0000000002f13568]
Event: 4.694 Thread 0x000000001660d000  929       3       java.util.ArrayList::remove (77 bytes)
Event: 4.694 Thread 0x000000001660d000 nmethod 929 0x0000000002f126d0 code [0x0000000002f12880, 0x0000000002f12dc8]

GC Heap History (0 events):
No events

Deoptimization events (9 events):
Event: 4.270 Thread 0x0000000002a6d800 Uncommon trap: reason=class_check action=maybe_recompile pc=0x0000000002e38894 method=com.android.dx.ssa.NormalSsaInsn.accept(Lcom/android/dx/ssa/SsaInsn$Visitor;)V @ 9
Event: 4.538 Thread 0x0000000002a6d800 Uncommon trap: reason=unstable_if action=reinterpret pc=0x0000000002e061c8 method=java.util.HashMap.getNode(ILjava/lang/Object;)Ljava/util/HashMap$Node; @ 129
Event: 4.538 Thread 0x0000000002a6d800 Uncommon trap: reason=unstable_if action=reinterpret pc=0x0000000002ebcc80 method=java.util.HashMap.putVal(ILjava/lang/Object;Ljava/lang/Object;ZZ)Ljava/lang/Object; @ 193
Event: 4.538 Thread 0x0000000002a6d800 Uncommon trap: reason=unstable_if action=reinterpret pc=0x0000000002d92fdc method=java.util.HashMap.getNode(ILjava/lang/Object;)Ljava/util/HashMap$Node; @ 129
Event: 4.631 Thread 0x0000000002a6d800 Uncommon trap: reason=class_check action=maybe_recompile pc=0x0000000002e38894 method=com.android.dx.ssa.NormalSsaInsn.accept(Lcom/android/dx/ssa/SsaInsn$Visitor;)V @ 9
Event: 4.631 Thread 0x0000000002a6d800 Uncommon trap: reason=class_check action=maybe_recompile pc=0x0000000002e38894 method=com.android.dx.ssa.NormalSsaInsn.accept(Lcom/android/dx/ssa/SsaInsn$Visitor;)V @ 9
Event: 4.631 Thread 0x0000000002a6d800 Uncommon trap: reason=class_check action=maybe_recompile pc=0x0000000002e38894 method=com.android.dx.ssa.NormalSsaInsn.accept(Lcom/android/dx/ssa/SsaInsn$Visitor;)V @ 9
Event: 4.631 Thread 0x0000000002a6d800 Uncommon trap: reason=class_check action=maybe_recompile pc=0x0000000002e02cf0 method=com.android.dx.ssa.NormalSsaInsn.accept(Lcom/android/dx/ssa/SsaInsn$Visitor;)V @ 9
Event: 4.672 Thread 0x0000000002a6d800 Uncommon trap: reason=unstable_if action=reinterpret pc=0x0000000002e87190 method=com.android.dx.rop.code.RegisterSpec.equals(ILcom/android/dx/rop/type/TypeBearer;Lcom/android/dx/rop/code/LocalItem;)Z @ 42

Internal exceptions (2 events):
Event: 0.090 Thread 0x0000000002a6d800 Exception <a 'java/lang/NoSuchMethodError': Method sun.misc.Unsafe.defineClass(Ljava/lang/String;[BII)Ljava/lang/Class; name or signature does not match> (0x00000000eab12ed8) thrown at [C:\re\workspace\8-2-build-windows-amd64-cygwin\jdk8u45\3627\hotspot\srçÓJG ù¶?
Event: 0.090 Thread 0x0000000002a6d800 Exception <a 'java/lang/NoSuchMethodError': Method sun.misc.Unsafe.prefetchRead(Ljava/lang/Object;J)V name or signature does not match> (0x00000000eab13168) thrown at [C:\re\workspace\8-2-build-windows-amd64-cygwin\jdk8u45\3627\hotspot\src\share\vm\prims\j

Events (10 events):
Event: 4.631 Thread 0x0000000002a6d800 DEOPT UNPACKING pc=0x0000000002bb582a sp=0x00000000029ee560 mode 2
Event: 4.631 Thread 0x0000000002a6d800 Uncommon trap: trap_request=0xffffffde fr.pc=0x0000000002e38894
Event: 4.631 Thread 0x0000000002a6d800 DEOPT PACKING pc=0x0000000002e38894 sp=0x00000000029ee620
Event: 4.631 Thread 0x0000000002a6d800 DEOPT UNPACKING pc=0x0000000002bb582a sp=0x00000000029ee560 mode 2
Event: 4.631 Thread 0x0000000002a6d800 Uncommon trap: trap_request=0xffffffde fr.pc=0x0000000002e02cf0
Event: 4.631 Thread 0x0000000002a6d800 DEOPT PACKING pc=0x0000000002e02cf0 sp=0x00000000029ee5b0
Event: 4.631 Thread 0x0000000002a6d800 DEOPT UNPACKING pc=0x0000000002bb582a sp=0x00000000029ee550 mode 2
Event: 4.672 Thread 0x0000000002a6d800 Uncommon trap: trap_request=0xffffff65 fr.pc=0x0000000002e87190
Event: 4.672 Thread 0x0000000002a6d800 DEOPT PACKING pc=0x0000000002e87190 sp=0x00000000029ee650
Event: 4.672 Thread 0x0000000002a6d800 DEOPT UNPACKING pc=0x0000000002bb582a sp=0x00000000029ee5d8 mode 2


Dynamic libraries:
0x00007ff7a96c0000 - 0x00007ff7a96f7000 	F:\Program Files\Java\jdk1.8.0_45\bin\java.exe
0x00007ffed4200000 - 0x00007ffed43ac000 	C:\WINDOWS\SYSTEM32\ntdll.dll
0x00007ffed37f0000 - 0x00007ffed392a000 	C:\WINDOWS\system32\KERNEL32.DLL
0x00007ffed1320000 - 0x00007ffed142f000 	C:\WINDOWS\system32\KERNELBASE.dll
0x00007ffecfce0000 - 0x00007ffecfd68000 	C:\WINDOWS\system32\apphelp.dll
0x00007ffeccb00000 - 0x00007ffeccb4f000 	C:\WINDOWS\AppPatch\AppPatch64\AcGenral.DLL
0x00007ffed3ee0000 - 0x00007ffed3f87000 	C:\WINDOWS\system32\msvcrt.dll
0x00007ffed1030000 - 0x00007ffed105b000 	C:\WINDOWS\SYSTEM32\SspiCli.dll
0x00007ffed1a50000 - 0x00007ffed1aa1000 	C:\WINDOWS\system32\SHLWAPI.dll
0x00007ffed18d0000 - 0x00007ffed1a41000 	C:\WINDOWS\system32\USER32.dll
0x00007ffed1c30000 - 0x00007ffed1da8000 	C:\WINDOWS\system32\ole32.dll
0x00007ffed1ff0000 - 0x00007ffed33ff000 	C:\WINDOWS\system32\SHELL32.dll
0x00007ffed07e0000 - 0x00007ffed07fe000 	C:\WINDOWS\SYSTEM32\USERENV.dll
0x00007ffed3c50000 - 0x00007ffed3cf5000 	C:\WINDOWS\system32\ADVAPI32.dll
0x00007ffec9250000 - 0x00007ffec926b000 	C:\WINDOWS\SYSTEM32\MPR.dll
0x00007ffed1db0000 - 0x00007ffed1ee7000 	C:\WINDOWS\system32\RPCRT4.dll
0x00007ffed3fc0000 - 0x00007ffed4017000 	C:\WINDOWS\SYSTEM32\sechost.dll
0x00007ffed3d00000 - 0x00007ffed3ed6000 	C:\WINDOWS\SYSTEM32\combase.dll
0x00007ffed3980000 - 0x00007ffed3ac4000 	C:\WINDOWS\system32\GDI32.dll
0x00007ffed11a0000 - 0x00007ffed11b4000 	C:\WINDOWS\SYSTEM32\profapi.dll
0x00007ffecfda0000 - 0x00007ffecfe3f000 	C:\WINDOWS\SYSTEM32\SHCORE.dll
0x00007ffed3940000 - 0x00007ffed3974000 	C:\WINDOWS\system32\IMM32.DLL
0x00007ffed36b0000 - 0x00007ffed37e9000 	C:\WINDOWS\system32\MSCTF.dll
0x00007ffeced80000 - 0x00007ffecefda000 	C:\WINDOWS\WinSxS\amd64_microsoft.windows.common-controls_6595b64144ccf1df_6.0.9600.17031_none_6242a4b3ecbb55a1\COMCTL32.dll
0x000000006add0000 - 0x000000006aea2000 	F:\Program Files\Java\jdk1.8.0_45\jre\bin\msvcr100.dll
0x000000006b250000 - 0x000000006bad3000 	F:\Program Files\Java\jdk1.8.0_45\jre\bin\server\jvm.dll
0x00007ffed1170000 - 0x00007ffed1179000 	C:\WINDOWS\SYSTEM32\WSOCK32.dll
0x00007ffed16d0000 - 0x00007ffed16ef000 	C:\WINDOWS\system32\WINMM.dll
0x00007ffecf010000 - 0x00007ffecf01a000 	C:\WINDOWS\SYSTEM32\VERSION.dll
0x00007ffed3930000 - 0x00007ffed3937000 	C:\WINDOWS\system32\PSAPI.DLL
0x00007ffed3b50000 - 0x00007ffed3ba8000 	C:\WINDOWS\system32\WS2_32.dll
0x00007ffed1280000 - 0x00007ffed12aa000 	C:\WINDOWS\system32\WINMMBASE.dll
0x00007ffed3b40000 - 0x00007ffed3b49000 	C:\WINDOWS\system32\NSI.dll
0x00007ffed12d0000 - 0x00007ffed131a000 	C:\WINDOWS\SYSTEM32\cfgmgr32.dll
0x00007ffed1250000 - 0x00007ffed1276000 	C:\WINDOWS\system32\DEVOBJ.dll
0x000000006b240000 - 0x000000006b24f000 	F:\Program Files\Java\jdk1.8.0_45\jre\bin\verify.dll
0x000000006b210000 - 0x000000006b239000 	F:\Program Files\Java\jdk1.8.0_45\jre\bin\java.dll
0x000000006b1f0000 - 0x000000006b206000 	F:\Program Files\Java\jdk1.8.0_45\jre\bin\zip.dll
0x00007ffeba920000 - 0x00007ffebaaa8000 	C:\WINDOWS\SYSTEM32\dbghelp.dll

VM Arguments:
jvm_args: -Xmx1024M -Dfile.encoding=GBK -Duser.country=CN -Duser.language=zh -Duser.variant 
java_command: com.android.dx.command.Main --dex --output F:\code\Studio\Traveling\app\build\intermediates\pre-dexed\debug\classes-58e9cd8c08bad4cbe8f99309635738567efe3d55.jar F:\code\Studio\Traveling\app\build\intermediates\exploded-aar\com.github.florent37\materialviewpager\1.0.4\jars\classes.jar
java_class_path (initial): F:\Program Files\adt-bundle-windows-x86_64-20140321\sdk\build-tools\22.0.1\lib\dx.jar
Launcher Type: SUN_STANDARD

Environment Variables:
PATH=C:\ProgramData\Oracle\Java\javapath;C:\Program Files (x86)\Intel\iCLS Client\;C:\Program Files\Intel\iCLS Client\;C:\Program Files (x86)\AMD APP\bin\x86_64;C:\Program Files (x86)\AMD APP\bin\x86;C:\WINDOWS\system32;C:\WINDOWS;C:\WINDOWS\System32\Wbem;C:\WINDOWS\System32\WindowsPowerShell\v1.0\;C:\Program Files (x86)\ATI Technologies\ATI.ACE\Core-Static;C:\Program Files\Intel\Intel(R) Management Engine Components\DAL;C:\Program Files\Intel\Intel(R) Management Engine Components\IPT;C:\Program Files (x86)\Intel\Intel(R) Management Engine Components\DAL;C:\Program Files (x86)\Intel\Intel(R) Management Engine Components\IPT;C:\Program Files (x86)\Microsoft SQL Server\100\Tools\Binn\;C:\Program Files\Microsoft SQL Server\100\Tools\Binn\;C:\Program Files\Microsoft SQL Server\100\DTS\Binn\;C:\Program Files (x86)\Windows Live\Shared;C:\Oracle\ora90\BIN\;C:\Program Files (x86)\Windows Kits\8.1\Windows Performance Toolkit\;C:\Program Files\Microsoft SQL Server\110\Tools\Binn\;C:\Program Files (x86)\AMD\ATI.ACE\Core-Static;F:\android-ndk-r10c;F:\Program Files\gradle-2.3\bin;C:\Program Files (x86)\Git\cmd;C:\Program Files (x86)\Git\bin;F:\Program Files\cocos2d-x-3.4\templates;F:\Program Files\cocos2d-x-3.4\tools\cocos2d-console\bin;F:\cygwin64\bin;F:\Program Files\adt-bundle-windows-x86_64-20140321\sdk\platform-tools;F:\Program Files\adt-bundle-windows-x86_64-20140321\sdk\tools;F:\Program Files\Java\jdk1.8.0_45\bin;F:\apache-ant-1.9.4\bin;F:\android-ndk-r10c;F:\Python27
USERNAME=Wouldyou
OS=Windows_NT
PROCESSOR_IDENTIFIER=Intel64 Family 6 Model 58 Stepping 9, GenuineIntel



---------------  S Y S T E M  ---------------

OS: Windows 8.1 , 64 bit Build 9600 (6.3.9600.17056)

CPU:total 4 (2 cores per cpu, 2 threads per core) family 6 model 58 stepping 9, cmov, cx8, fxsr, mmx, sse, sse2, sse3, ssse3, sse4.1, sse4.2, popcnt, avx, aes, clmul, erms, ht, tsc, tscinvbit, tscinv

Memory: 4k page, physical 4088092k(197168k free), swap 7233820k(10004k free)

vm_info: Java HotSpot(TM) 64-Bit Server VM (25.45-b02) for windows-amd64 JRE (1.8.0_45-b15), built on Apr 30 2015 12:40:44 by "java_re" with MS VC++ 10.0 (VS2010)

time: Fri Jun 05 05:21:46 2015
elapsed time: 5 seconds (0d 0h 0m 5s)

