#
# There is insufficient memory for the Java Runtime Environment to continue.
# Native memory allocation (malloc) failed to allocate 32744 bytes for ChunkPool::allocate
# Possible reasons:
#   The system is out of physical RAM or swap space
#   In 32 bit mode, the process size limit was hit
# Possible solutions:
#   Reduce memory load on the system
#   Increase physical memory or swap space
#   Check if swap backing store is full
#   Use 64 bit Java on a 64 bit OS
#   Decrease Java heap size (-Xmx/-Xms)
#   Decrease number of Java threads
#   Decrease Java thread stack sizes (-Xss)
#   Set larger code cache with -XX:ReservedCodeCacheSize=
# This output file may be truncated or incomplete.
#
#  Out of Memory Error (allocation.cpp:273), pid=8532, tid=8300
#
# JRE version: Java(TM) SE Runtime Environment (8.0_45-b15) (build 1.8.0_45-b15)
# Java VM: Java HotSpot(TM) 64-Bit Server VM (25.45-b02 mixed mode windows-amd64 compressed oops)
# Failed to write core dump. Minidumps are not enabled by default on client versions of Windows
#

---------------  T H R E A D  ---------------

Current thread (0x0000000016380800):  JavaThread "C2 CompilerThread1" daemon [_thread_in_native, id=8300, stack(0x0000000016780000,0x0000000016880000)]

Stack: [0x0000000016780000,0x0000000016880000]
Native frames: (J=compiled Java code, j=interpreted, Vv=VM code, C=native code)
V  [jvm.dll+0x32b57a]


Current CompileTask:
C2:   3550 1342       4       com.android.dx.ssa.SsaRenamer$BlockRenamer::process (191 bytes)


---------------  P R O C E S S  ---------------

Java Threads: ( => current thread )
  0x00000000163e3000 JavaThread "Service Thread" daemon [_thread_blocked, id=6372, stack(0x0000000016980000,0x0000000016a80000)]
  0x00000000163d9800 JavaThread "C1 CompilerThread2" daemon [_thread_blocked, id=9612, stack(0x0000000016880000,0x0000000016980000)]
=>0x0000000016380800 JavaThread "C2 CompilerThread1" daemon [_thread_in_native, id=8300, stack(0x0000000016780000,0x0000000016880000)]
  0x0000000014d6d000 JavaThread "C2 CompilerThread0" daemon [_thread_in_native, id=1012, stack(0x0000000016280000,0x0000000016380000)]
  0x0000000014d6a000 JavaThread "Attach Listener" daemon [_thread_blocked, id=5280, stack(0x0000000016180000,0x0000000016280000)]
  0x0000000014d1f000 JavaThread "Signal Dispatcher" daemon [_thread_blocked, id=5960, stack(0x0000000016080000,0x0000000016180000)]
  0x00000000025d7000 JavaThread "Finalizer" daemon [_thread_blocked, id=2428, stack(0x0000000015f80000,0x0000000016080000)]
  0x00000000025ce000 JavaThread "Reference Handler" daemon [_thread_blocked, id=7604, stack(0x0000000015e80000,0x0000000015f80000)]
  0x000000000263d800 JavaThread "main" [_thread_in_native, id=8912, stack(0x0000000000980000,0x0000000000a80000)]

Other Threads:
  0x0000000014cd8000 VMThread [stack: 0x0000000015d80000,0x0000000015e80000] [id=7192]
  0x00000000163f6000 WatcherThread [stack: 0x0000000016a80000,0x0000000016b80000] [id=9588]

VM state:not at safepoint (normal execution)

VM Mutex/Monitor currently owned by a thread: None

Heap:
 PSYoungGen      total 18944K, used 9031K [0x00000000eab00000, 0x00000000ed000000, 0x0000000100000000)
  eden space 16384K, 39% used [0x00000000eab00000,0x00000000eb1592a8,0x00000000ebb00000)
  from space 2560K, 98% used [0x00000000ebd80000,0x00000000ebff89c0,0x00000000ec000000)
  to   space 2560K, 0% used [0x00000000ebb00000,0x00000000ebb00000,0x00000000ebd80000)
 ParOldGen       total 44032K, used 4307K [0x00000000c0000000, 0x00000000c2b00000, 0x00000000eab00000)
  object space 44032K, 9% used [0x00000000c0000000,0x00000000c0434e28,0x00000000c2b00000)
 Metaspace       used 5675K, capacity 6896K, committed 7040K, reserved 1056768K
  class space    used 548K, capacity 616K, committed 640K, reserved 1048576K

Card table byte_map: [0x0000000011a00000,0x0000000011c10000] byte_map_base: 0x0000000011400000

Marking Bits: (ParMarkBitMap*) 0x000000006ba54040
 Begin Bits: [0x0000000012170000, 0x0000000013170000)
 End Bits:   [0x0000000013170000, 0x0000000014170000)

Polling page: 0x00000000007d0000

CodeCache: size=245760Kb used=5845Kb max_used=5845Kb free=239914Kb
 bounds [0x0000000002640000, 0x0000000002c00000, 0x0000000011640000]
 total_blobs=1620 nmethods=1355 adapters=178
 compilation: enabled

Compilation events (10 events):
Event: 3.399 Thread 0x00000000163d9800 1361       3       com.android.dx.rop.code.AccessFlags::isAbstract (14 bytes)
Event: 3.399 Thread 0x00000000163d9800 nmethod 1361 0x0000000002be9f50 code [0x0000000002bea0a0, 0x0000000002bea230]
Event: 3.399 Thread 0x00000000163d9800 1362       3       com.android.dx.rop.code.AccessFlags::isSynchronized (13 bytes)
Event: 3.399 Thread 0x00000000163d9800 nmethod 1362 0x0000000002bf5cd0 code [0x0000000002bf5e20, 0x0000000002bf5fb0]
Event: 3.399 Thread 0x00000000163d9800 1363       3       com.android.dx.dex.file.EncodedMethod::<init> (68 bytes)
Event: 3.400 Thread 0x00000000163d9800 nmethod 1363 0x0000000002bf6050 code [0x0000000002bf61e0, 0x0000000002bf6698]
Event: 3.400 Thread 0x00000000163d9800 1364       3       com.android.dx.dex.cf.AttributeTranslator::getMethodAnnotations (37 bytes)
Event: 3.402 Thread 0x00000000163d9800 nmethod 1364 0x0000000002bf6850 code [0x0000000002bf6b40, 0x0000000002bf81a8]
Event: 3.402 Thread 0x00000000163d9800 1365       3       com.android.dx.dex.cf.AttributeTranslator::getParameterAnnotations (69 bytes)
Event: 3.402 Thread 0x00000000163d9800 nmethod 1365 0x0000000002bf8e50 code [0x0000000002bf9060, 0x0000000002bf99d8]

GC Heap History (4 events):
Event: 1.497 GC heap before
{Heap before GC invocations=1 (full 0):
 PSYoungGen      total 18944K, used 16384K [0x00000000eab00000, 0x00000000ec000000, 0x0000000100000000)
  eden space 16384K, 100% used [0x00000000eab00000,0x00000000ebb00000,0x00000000ebb00000)
  from space 2560K, 0% used [0x00000000ebd80000,0x00000000ebd80000,0x00000000ec000000)
  to   space 2560K, 0% used [0x00000000ebb00000,0x00000000ebb00000,0x00000000ebd80000)
 ParOldGen       total 44032K, used 0K [0x00000000c0000000, 0x00000000c2b00000, 0x00000000eab00000)
  object space 44032K, 0% used [0x00000000c0000000,0x00000000c0000000,0x00000000c2b00000)
 Metaspace       used 5502K, capacity 6768K, committed 7040K, reserved 1056768K
  class space    used 548K, capacity 616K, committed 640K, reserved 1048576K
Event: 1.505 GC heap after
Heap after GC invocations=1 (full 0):
 PSYoungGen      total 18944K, used 2559K [0x00000000eab00000, 0x00000000ec000000, 0x0000000100000000)
  eden space 16384K, 0% used [0x00000000eab00000,0x00000000eab00000,0x00000000ebb00000)
  from space 2560K, 99% used [0x00000000ebb00000,0x00000000ebd7fec8,0x00000000ebd80000)
  to   space 2560K, 0% used [0x00000000ebd80000,0x00000000ebd80000,0x00000000ec000000)
 ParOldGen       total 44032K, used 1901K [0x00000000c0000000, 0x00000000c2b00000, 0x00000000eab00000)
  object space 44032K, 4% used [0x00000000c0000000,0x00000000c01db5e0,0x00000000c2b00000)
 Metaspace       used 5502K, capacity 6768K, committed 7040K, reserved 1056768K
  class space    used 548K, capacity 616K, committed 640K, reserved 1048576K
}
Event: 2.742 GC heap before
{Heap before GC invocations=2 (full 0):
 PSYoungGen      total 18944K, used 18943K [0x00000000eab00000, 0x00000000ec000000, 0x0000000100000000)
  eden space 16384K, 100% used [0x00000000eab00000,0x00000000ebb00000,0x00000000ebb00000)
  from space 2560K, 99% used [0x00000000ebb00000,0x00000000ebd7fec8,0x00000000ebd80000)
  to   space 2560K, 0% used [0x00000000ebd80000,0x00000000ebd80000,0x00000000ec000000)
 ParOldGen       total 44032K, used 1901K [0x00000000c0000000, 0x00000000c2b00000, 0x00000000eab00000)
  object space 44032K, 4% used [0x00000000c0000000,0x00000000c01db5e0,0x00000000c2b00000)
 Metaspace       used 5661K, capacity 6896K, committed 7040K, reserved 1056768K
  class space    used 548K, capacity 616K, committed 640K, reserved 1048576K
Event: 2.823 GC heap after
Heap after GC invocations=2 (full 0):
 PSYoungGen      total 18944K, used 2530K [0x00000000eab00000, 0x00000000ed000000, 0x0000000100000000)
  eden space 16384K, 0% used [0x00000000eab00000,0x00000000eab00000,0x00000000ebb00000)
  from space 2560K, 98% used [0x00000000ebd80000,0x00000000ebff89c0,0x00000000ec000000)
  to   space 2560K, 0% used [0x00000000ebb00000,0x00000000ebb00000,0x00000000ebd80000)
 ParOldGen       total 44032K, used 4307K [0x00000000c0000000, 0x00000000c2b00000, 0x00000000eab00000)
  object space 44032K, 9% used [0x00000000c0000000,0x00000000c0434e28,0x00000000c2b00000)
 Metaspace       used 5661K, capacity 6896K, committed 7040K, reserved 1056768K
  class space    used 548K, capacity 616K, committed 640K, reserved 1048576K
}

Deoptimization events (10 events):
Event: 2.474 Thread 0x000000000263d800 Uncommon trap: reason=unstable_if action=reinterpret pc=0x0000000002b4db64 method=com.android.dx.ssa.SCCP.simulateBranch(Lcom/android/dx/ssa/SsaInsn;)V @ 118
Event: 2.474 Thread 0x000000000263d800 Uncommon trap: reason=bimorphic action=maybe_recompile pc=0x0000000002a8fac4 method=com.android.dx.ssa.NormalSsaInsn.accept(Lcom/android/dx/ssa/SsaInsn$Visitor;)V @ 9
Event: 2.474 Thread 0x000000000263d800 Uncommon trap: reason=bimorphic action=maybe_recompile pc=0x0000000002a8fac4 method=com.android.dx.ssa.NormalSsaInsn.accept(Lcom/android/dx/ssa/SsaInsn$Visitor;)V @ 9
Event: 2.474 Thread 0x000000000263d800 Uncommon trap: reason=bimorphic action=maybe_recompile pc=0x000000000294a370 method=com.android.dx.ssa.NormalSsaInsn.accept(Lcom/android/dx/ssa/SsaInsn$Visitor;)V @ 9
Event: 2.474 Thread 0x000000000263d800 Uncommon trap: reason=bimorphic action=maybe_recompile pc=0x00000000028c22a8 method=com.android.dx.ssa.NormalSsaInsn.accept(Lcom/android/dx/ssa/SsaInsn$Visitor;)V @ 9
Event: 2.928 Thread 0x000000000263d800 Uncommon trap: reason=class_check action=maybe_recompile pc=0x0000000002b105f8 method=com.android.dx.cf.code.BytecodeArray.parseInstruction(ILcom/android/dx/cf/code/BytecodeArray$Visitor;)I @ 939
Event: 2.928 Thread 0x000000000263d800 Uncommon trap: reason=class_check action=maybe_recompile pc=0x0000000002b1064c method=com.android.dx.cf.code.BytecodeArray.parseInstruction(ILcom/android/dx/cf/code/BytecodeArray$Visitor;)I @ 955
Event: 2.928 Thread 0x000000000263d800 Uncommon trap: reason=class_check action=maybe_recompile pc=0x0000000002b105f8 method=com.android.dx.cf.code.BytecodeArray.parseInstruction(ILcom/android/dx/cf/code/BytecodeArray$Visitor;)I @ 939
Event: 3.351 Thread 0x000000000263d800 Uncommon trap: reason=null_check action=make_not_entrant pc=0x0000000002bddf8c method=com.android.dx.ssa.SsaRenamer.getLocalForNewReg(I)Lcom/android/dx/rop/code/LocalItem; @ 19
Event: 3.351 Thread 0x000000000263d800 Uncommon trap: reason=null_check action=make_not_entrant pc=0x0000000002bd3f50 method=com.android.dx.ssa.SsaRenamer.getLocalForNewReg(I)Lcom/android/dx/rop/code/LocalItem; @ 19

Internal exceptions (4 events):
Event: 0.063 Thread 0x000000000263d800 Exception <a 'java/lang/NoSuchMethodError': Method sun.misc.Unsafe.defineClass(Ljava/lang/String;[BII)Ljava/lang/Class; name or signature does not match> (0x00000000eab12ed8) thrown at [C:\re\workspace\8-2-build-windows-amd64-cygwin\jdk8u45\3627\hotspot\srþhôôÝA°?
Event: 0.064 Thread 0x000000000263d800 Exception <a 'java/lang/NoSuchMethodError': Method sun.misc.Unsafe.prefetchRead(Ljava/lang/Object;J)V name or signature does not match> (0x00000000eab13168) thrown at [C:\re\workspace\8-2-build-windows-amd64-cygwin\jdk8u45\3627\hotspot\src\share\vm\prims\j˜{Ã $Ï
@
Event: 3.351 Thread 0x000000000263d800 Implicit null exception at 0x0000000002bdba8e to 0x0000000002bddf39
Event: 3.351 Thread 0x000000000263d800 Implicit null exception at 0x0000000002bd1b19 to 0x0000000002bd3f09

Events (10 events):
Event: 3.298 Thread 0x000000000263d800 DEOPT PACKING pc=0x0000000002b57177 sp=0x0000000000a7e8d0
Event: 3.298 Thread 0x000000000263d800 DEOPT UNPACKING pc=0x000000000268787f sp=0x0000000000a7e640 mode 0
Event: 3.351 Thread 0x000000000263d800 Uncommon trap: trap_request=0xfffffff4 fr.pc=0x0000000002bddf8c
Event: 3.351 Thread 0x000000000263d800 DEOPT PACKING pc=0x0000000002bddf8c sp=0x0000000000a7e850
Event: 3.351 Thread 0x000000000263d800 DEOPT UNPACKING pc=0x000000000268582a sp=0x0000000000a7e598 mode 2
Event: 3.351 Thread 0x000000000263d800 Uncommon trap: trap_request=0xfffffff4 fr.pc=0x0000000002bd3f50
Event: 3.351 Thread 0x000000000263d800 DEOPT PACKING pc=0x0000000002bd3f50 sp=0x0000000000a7e7c0
Event: 3.351 Thread 0x000000000263d800 DEOPT UNPACKING pc=0x000000000268582a sp=0x0000000000a7e588 mode 2
Event: 3.396 Thread 0x000000000263d800 DEOPT PACKING pc=0x000000000294c801 sp=0x0000000000a7e750
Event: 3.396 Thread 0x000000000263d800 DEOPT UNPACKING pc=0x000000000268787f sp=0x0000000000a7e518 mode 0


Dynamic libraries:
0x00007ff7a96c0000 - 0x00007ff7a96f7000 	F:\Program Files\Java\jdk1.8.0_45\bin\java.exe
0x00007ffed4200000 - 0x00007ffed43ac000 	C:\WINDOWS\SYSTEM32\ntdll.dll
0x00007ffed37f0000 - 0x00007ffed392a000 	C:\WINDOWS\system32\KERNEL32.DLL
0x00007ffed1320000 - 0x00007ffed142f000 	C:\WINDOWS\system32\KERNELBASE.dll
0x00007ffecfce0000 - 0x00007ffecfd68000 	C:\WINDOWS\system32\apphelp.dll
0x00007ffeccb00000 - 0x00007ffeccb4f000 	C:\WINDOWS\AppPatch\AppPatch64\AcGenral.DLL
0x00007ffed3ee0000 - 0x00007ffed3f87000 	C:\WINDOWS\system32\msvcrt.dll
0x00007ffed1030000 - 0x00007ffed105b000 	C:\WINDOWS\SYSTEM32\SspiCli.dll
0x00007ffed1a50000 - 0x00007ffed1aa1000 	C:\WINDOWS\system32\SHLWAPI.dll
0x00007ffed18d0000 - 0x00007ffed1a41000 	C:\WINDOWS\system32\USER32.dll
0x00007ffed1c30000 - 0x00007ffed1da8000 	C:\WINDOWS\system32\ole32.dll
0x00007ffed1ff0000 - 0x00007ffed33ff000 	C:\WINDOWS\system32\SHELL32.dll
0x00007ffed07e0000 - 0x00007ffed07fe000 	C:\WINDOWS\SYSTEM32\USERENV.dll
0x00007ffed3c50000 - 0x00007ffed3cf5000 	C:\WINDOWS\system32\ADVAPI32.dll
0x00007ffec9250000 - 0x00007ffec926b000 	C:\WINDOWS\SYSTEM32\MPR.dll
0x00007ffed1db0000 - 0x00007ffed1ee7000 	C:\WINDOWS\system32\RPCRT4.dll
0x00007ffed3fc0000 - 0x00007ffed4017000 	C:\WINDOWS\SYSTEM32\sechost.dll
0x00007ffed3d00000 - 0x00007ffed3ed6000 	C:\WINDOWS\SYSTEM32\combase.dll
0x00007ffed3980000 - 0x00007ffed3ac4000 	C:\WINDOWS\system32\GDI32.dll
0x00007ffed11a0000 - 0x00007ffed11b4000 	C:\WINDOWS\SYSTEM32\profapi.dll
0x00007ffecfda0000 - 0x00007ffecfe3f000 	C:\WINDOWS\SYSTEM32\SHCORE.dll
0x00007ffed3940000 - 0x00007ffed3974000 	C:\WINDOWS\system32\IMM32.DLL
0x00007ffed36b0000 - 0x00007ffed37e9000 	C:\WINDOWS\system32\MSCTF.dll
0x00007ffeced80000 - 0x00007ffecefda000 	C:\WINDOWS\WinSxS\amd64_microsoft.windows.common-controls_6595b64144ccf1df_6.0.9600.17031_none_6242a4b3ecbb55a1\COMCTL32.dll
0x000000006add0000 - 0x000000006aea2000 	F:\Program Files\Java\jdk1.8.0_45\jre\bin\msvcr100.dll
0x000000006b250000 - 0x000000006bad3000 	F:\Program Files\Java\jdk1.8.0_45\jre\bin\server\jvm.dll
0x00007ffed1170000 - 0x00007ffed1179000 	C:\WINDOWS\SYSTEM32\WSOCK32.dll
0x00007ffed16d0000 - 0x00007ffed16ef000 	C:\WINDOWS\system32\WINMM.dll
0x00007ffecf010000 - 0x00007ffecf01a000 	C:\WINDOWS\SYSTEM32\VERSION.dll
0x00007ffed3930000 - 0x00007ffed3937000 	C:\WINDOWS\system32\PSAPI.DLL
0x00007ffed3b50000 - 0x00007ffed3ba8000 	C:\WINDOWS\system32\WS2_32.dll
0x00007ffed1280000 - 0x00007ffed12aa000 	C:\WINDOWS\system32\WINMMBASE.dll
0x00007ffed3b40000 - 0x00007ffed3b49000 	C:\WINDOWS\system32\NSI.dll
0x00007ffed12d0000 - 0x00007ffed131a000 	C:\WINDOWS\SYSTEM32\cfgmgr32.dll
0x00007ffed1250000 - 0x00007ffed1276000 	C:\WINDOWS\system32\DEVOBJ.dll
0x000000006b240000 - 0x000000006b24f000 	F:\Program Files\Java\jdk1.8.0_45\jre\bin\verify.dll
0x000000006b210000 - 0x000000006b239000 	F:\Program Files\Java\jdk1.8.0_45\jre\bin\java.dll
0x000000006b1f0000 - 0x000000006b206000 	F:\Program Files\Java\jdk1.8.0_45\jre\bin\zip.dll

VM Arguments:
jvm_args: -Xmx1024M -Dfile.encoding=GBK -Duser.country=CN -Duser.language=zh -Duser.variant 
java_command: com.android.dx.command.Main --dex --output F:\code\Studio\Traveling\app\build\intermediates\pre-dexed\debug\classes-147fd693273e2cef13858826eea3b2a08f47df93.jar F:\code\Studio\Traveling\app\build\intermediates\exploded-aar\com.mikepenz\materialdrawer\2.9.8\jars\classes.jar
java_class_path (initial): F:\Program Files\adt-bundle-windows-x86_64-20140321\sdk\build-tools\22.0.1\lib\dx.jar
Launcher Type: SUN_STANDARD

Environment Variables:
PATH=C:\ProgramData\Oracle\Java\javapath;C:\Program Files (x86)\Intel\iCLS Client\;C:\Program Files\Intel\iCLS Client\;C:\Program Files (x86)\AMD APP\bin\x86_64;C:\Program Files (x86)\AMD APP\bin\x86;C:\WINDOWS\system32;C:\WINDOWS;C:\WINDOWS\System32\Wbem;C:\WINDOWS\System32\WindowsPowerShell\v1.0\;C:\Program Files (x86)\ATI Technologies\ATI.ACE\Core-Static;C:\Program Files\Intel\Intel(R) Management Engine Components\DAL;C:\Program Files\Intel\Intel(R) Management Engine Components\IPT;C:\Program Files (x86)\Intel\Intel(R) Management Engine Components\DAL;C:\Program Files (x86)\Intel\Intel(R) Management Engine Components\IPT;C:\Program Files (x86)\Microsoft SQL Server\100\Tools\Binn\;C:\Program Files\Microsoft SQL Server\100\Tools\Binn\;C:\Program Files\Microsoft SQL Server\100\DTS\Binn\;C:\Program Files (x86)\Windows Live\Shared;C:\Oracle\ora90\BIN\;C:\Program Files (x86)\Windows Kits\8.1\Windows Performance Toolkit\;C:\Program Files\Microsoft SQL Server\110\Tools\Binn\;C:\Program Files (x86)\AMD\ATI.ACE\Core-Static;F:\android-ndk-r10c;F:\Program Files\gradle-2.3\bin;C:\Program Files (x86)\Git\cmd;C:\Program Files (x86)\Git\bin;F:\Program Files\cocos2d-x-3.4\templates;F:\Program Files\cocos2d-x-3.4\tools\cocos2d-console\bin;F:\cygwin64\bin;F:\Program Files\adt-bundle-windows-x86_64-20140321\sdk\platform-tools;F:\Program Files\adt-bundle-windows-x86_64-20140321\sdk\tools;F:\Program Files\Java\jdk1.8.0_45\bin;F:\apache-ant-1.9.4\bin;F:\android-ndk-r10c;F:\Python27
USERNAME=Wouldyou
OS=Windows_NT
PROCESSOR_IDENTIFIER=Intel64 Family 6 Model 58 Stepping 9, GenuineIntel



---------------  S Y S T E M  ---------------

OS: Windows 8.1 , 64 bit Build 9600 (6.3.9600.17056)

CPU:total 4 (2 cores per cpu, 2 threads per core) family 6 model 58 stepping 9, cmov, cx8, fxsr, mmx, sse, sse2, sse3, ssse3, sse4.1, sse4.2, popcnt, avx, aes, clmul, erms, ht, tsc, tscinvbit, tscinv

Memory: 4k page, physical 4088092k(280364k free), swap 7233820k(5004k free)

vm_info: Java HotSpot(TM) 64-Bit Server VM (25.45-b02) for windows-amd64 JRE (1.8.0_45-b15), built on Apr 30 2015 12:40:44 by "java_re" with MS VC++ 10.0 (VS2010)

time: Fri Jun 05 05:41:53 2015
elapsed time: 3 seconds (0d 0h 0m 3s)

