#
# There is insufficient memory for the Java Runtime Environment to continue.
# Native memory allocation (malloc) failed to allocate 332016 bytes for Chunk::new
# Possible reasons:
#   The system is out of physical RAM or swap space
#   In 32 bit mode, the process size limit was hit
# Possible solutions:
#   Reduce memory load on the system
#   Increase physical memory or swap space
#   Check if swap backing store is full
#   Use 64 bit Java on a 64 bit OS
#   Decrease Java heap size (-Xmx/-Xms)
#   Decrease number of Java threads
#   Decrease Java thread stack sizes (-Xss)
#   Set larger code cache with -XX:ReservedCodeCacheSize=
# This output file may be truncated or incomplete.
#
#  Out of Memory Error (allocation.cpp:390), pid=5716, tid=5888
#
# JRE version: Java(TM) SE Runtime Environment (8.0_45-b15) (build 1.8.0_45-b15)
# Java VM: Java HotSpot(TM) 64-Bit Server VM (25.45-b02 mixed mode windows-amd64 compressed oops)
# Failed to write core dump. Minidumps are not enabled by default on client versions of Windows
#

---------------  T H R E A D  ---------------

Current thread (0x00000000154dd000):  JavaThread "C2 CompilerThread0" daemon [_thread_in_native, id=5888, stack(0x00000000169e0000,0x0000000016ae0000)]

Stack: [0x00000000169e0000,0x0000000016ae0000]
Native frames: (J=compiled Java code, j=interpreted, Vv=VM code, C=native code)
V  [jvm.dll+0x32b57a]


Current CompileTask:
C2:   1004 1097       4       com.android.dx.ssa.SsaMethod::forEachInsn (36 bytes)


---------------  P R O C E S S  ---------------

Java Threads: ( => current thread )
  0x0000000016b54800 JavaThread "Service Thread" daemon [_thread_blocked, id=7564, stack(0x00000000170e0000,0x00000000171e0000)]
  0x0000000016b3e800 JavaThread "C1 CompilerThread2" daemon [_thread_blocked, id=9504, stack(0x0000000016fe0000,0x00000000170e0000)]
  0x0000000016b04000 JavaThread "C2 CompilerThread1" daemon [_thread_in_native, id=5756, stack(0x0000000016ee0000,0x0000000016fe0000)]
=>0x00000000154dd000 JavaThread "C2 CompilerThread0" daemon [_thread_in_native, id=5888, stack(0x00000000169e0000,0x0000000016ae0000)]
  0x00000000154da000 JavaThread "Attach Listener" daemon [_thread_blocked, id=6060, stack(0x00000000168e0000,0x00000000169e0000)]
  0x000000001548f000 JavaThread "Signal Dispatcher" daemon [_thread_blocked, id=7928, stack(0x00000000167e0000,0x00000000168e0000)]
  0x0000000002da7000 JavaThread "Finalizer" daemon [_thread_blocked, id=4000, stack(0x00000000166e0000,0x00000000167e0000)]
  0x0000000002d9e000 JavaThread "Reference Handler" daemon [_thread_blocked, id=6768, stack(0x00000000165e0000,0x00000000166e0000)]
  0x0000000002cad800 JavaThread "main" [_thread_in_Java, id=2928, stack(0x0000000002b70000,0x0000000002c70000)]

Other Threads:
  0x0000000015448000 VMThread [stack: 0x00000000164e0000,0x00000000165e0000] [id=6840]
  0x0000000016b66000 WatcherThread [stack: 0x00000000171e0000,0x00000000172e0000] [id=7320]

VM state:not at safepoint (normal execution)

VM Mutex/Monitor currently owned by a thread: None

Heap:
 PSYoungGen      total 18944K, used 5287K [0x00000000eab00000, 0x00000000ec000000, 0x0000000100000000)
  eden space 16384K, 16% used [0x00000000eab00000,0x00000000eadb1f88,0x00000000ebb00000)
  from space 2560K, 98% used [0x00000000ebd80000,0x00000000ebff8018,0x00000000ec000000)
  to   space 2560K, 0% used [0x00000000ebb00000,0x00000000ebb00000,0x00000000ebd80000)
 ParOldGen       total 32768K, used 4018K [0x00000000c0000000, 0x00000000c2000000, 0x00000000eab00000)
  object space 32768K, 12% used [0x00000000c0000000,0x00000000c03ecaf8,0x00000000c2000000)
 Metaspace       used 5585K, capacity 6768K, committed 7040K, reserved 1058816K
  class space    used 551K, capacity 616K, committed 640K, reserved 1048576K

Card table byte_map: [0x0000000012170000,0x0000000012380000] byte_map_base: 0x0000000011b70000

Marking Bits: (ParMarkBitMap*) 0x000000006ba54040
 Begin Bits: [0x00000000128e0000, 0x00000000138e0000)
 End Bits:   [0x00000000138e0000, 0x00000000148e0000)

Polling page: 0x0000000000f70000

CodeCache: size=245760Kb used=4389Kb max_used=4389Kb free=241370Kb
 bounds [0x0000000002db0000, 0x0000000003200000, 0x0000000011db0000]
 total_blobs=1373 nmethods=1109 adapters=177
 compilation: enabled

Compilation events (10 events):
Event: 0.983 Thread 0x0000000016b3e800 1106   !   3       com.android.dx.cf.code.OneLocalsArray::set (106 bytes)
Event: 0.984 Thread 0x0000000016b3e800 nmethod 1106 0x00000000031efcd0 code [0x00000000031eff20, 0x00000000031f0d58]
Event: 0.984 Thread 0x0000000016b3e800 1110       3       com.android.dx.cf.code.Ropper::addExceptionSetupBlocks (203 bytes)
Event: 0.987 Thread 0x0000000016b3e800 nmethod 1110 0x00000000031f3990 code [0x00000000031f3d80, 0x00000000031f6148]
Event: 0.987 Thread 0x0000000016b3e800 1111       3       com.android.dx.ssa.SsaBasicBlock::insertNewSuccessor (228 bytes)
Event: 0.989 Thread 0x0000000016b3e800 nmethod 1111 0x00000000031f7d50 code [0x00000000031f8080, 0x00000000031f9628]
Event: 0.989 Thread 0x0000000016b3e800 1112       3       com.android.dx.ssa.SCCP::run (298 bytes)
Event: 0.992 Thread 0x0000000016b3e800 nmethod 1112 0x00000000031fa0d0 code [0x00000000031fa4c0, 0x00000000031fc588]
Event: 0.992 Thread 0x0000000016b3e800 1109       3       com.android.dx.rop.cst.TypedConstant::getFrameType (2 bytes)
Event: 0.992 Thread 0x0000000016b3e800 nmethod 1109 0x00000000031ef990 code [0x00000000031efae0, 0x00000000031efc30]

GC Heap History (6 events):
Event: 0.259 GC heap before
{Heap before GC invocations=1 (full 0):
 PSYoungGen      total 18944K, used 5424K [0x00000000eab00000, 0x00000000ec000000, 0x0000000100000000)
  eden space 16384K, 33% used [0x00000000eab00000,0x00000000eb04c0e8,0x00000000ebb00000)
  from space 2560K, 0% used [0x00000000ebd80000,0x00000000ebd80000,0x00000000ec000000)
  to   space 2560K, 0% used [0x00000000ebb00000,0x00000000ebb00000,0x00000000ebd80000)
 ParOldGen       total 44032K, used 0K [0x00000000c0000000, 0x00000000c2b00000, 0x00000000eab00000)
  object space 44032K, 0% used [0x00000000c0000000,0x00000000c0000000,0x00000000c2b00000)
 Metaspace       used 3243K, capacity 4720K, committed 4864K, reserved 1060864K
  class space    used 347K, capacity 424K, committed 512K, reserved 1048576K
Event: 0.262 GC heap after
Heap after GC invocations=1 (full 0):
 PSYoungGen      total 18944K, used 2543K [0x00000000eab00000, 0x00000000ec000000, 0x0000000100000000)
  eden space 16384K, 0% used [0x00000000eab00000,0x00000000eab00000,0x00000000ebb00000)
  from space 2560K, 99% used [0x00000000ebb00000,0x00000000ebd7beb0,0x00000000ebd80000)
  to   space 2560K, 0% used [0x00000000ebd80000,0x00000000ebd80000,0x00000000ec000000)
 ParOldGen       total 44032K, used 476K [0x00000000c0000000, 0x00000000c2b00000, 0x00000000eab00000)
  object space 44032K, 1% used [0x00000000c0000000,0x00000000c0077320,0x00000000c2b00000)
 Metaspace       used 3243K, capacity 4720K, committed 4864K, reserved 1060864K
  class space    used 347K, capacity 424K, committed 512K, reserved 1048576K
}
Event: 0.262 GC heap before
{Heap before GC invocations=2 (full 1):
 PSYoungGen      total 18944K, used 2543K [0x00000000eab00000, 0x00000000ec000000, 0x0000000100000000)
  eden space 16384K, 0% used [0x00000000eab00000,0x00000000eab00000,0x00000000ebb00000)
  from space 2560K, 99% used [0x00000000ebb00000,0x00000000ebd7beb0,0x00000000ebd80000)
  to   space 2560K, 0% used [0x00000000ebd80000,0x00000000ebd80000,0x00000000ec000000)
 ParOldGen       total 44032K, used 476K [0x00000000c0000000, 0x00000000c2b00000, 0x00000000eab00000)
  object space 44032K, 1% used [0x00000000c0000000,0x00000000c0077320,0x00000000c2b00000)
 Metaspace       used 3243K, capacity 4720K, committed 4864K, reserved 1060864K
  class space    used 347K, capacity 424K, committed 512K, reserved 1048576K
Event: 0.271 GC heap after
Heap after GC invocations=2 (full 1):
 PSYoungGen      total 18944K, used 0K [0x00000000eab00000, 0x00000000ec000000, 0x0000000100000000)
  eden space 16384K, 0% used [0x00000000eab00000,0x00000000eab00000,0x00000000ebb00000)
  from space 2560K, 0% used [0x00000000ebb00000,0x00000000ebb00000,0x00000000ebd80000)
  to   space 2560K, 0% used [0x00000000ebd80000,0x00000000ebd80000,0x00000000ec000000)
 ParOldGen       total 32768K, used 2960K [0x00000000c0000000, 0x00000000c2000000, 0x00000000eab00000)
  object space 32768K, 9% used [0x00000000c0000000,0x00000000c02e4398,0x00000000c2000000)
 Metaspace       used 3243K, capacity 4720K, committed 4864K, reserved 1058816K
  class space    used 347K, capacity 424K, committed 512K, reserved 1048576K
}
Event: 0.929 GC heap before
{Heap before GC invocations=3 (full 1):
 PSYoungGen      total 18944K, used 16384K [0x00000000eab00000, 0x00000000ec000000, 0x0000000100000000)
  eden space 16384K, 100% used [0x00000000eab00000,0x00000000ebb00000,0x00000000ebb00000)
  from space 2560K, 0% used [0x00000000ebb00000,0x00000000ebb00000,0x00000000ebd80000)
  to   space 2560K, 0% used [0x00000000ebd80000,0x00000000ebd80000,0x00000000ec000000)
 ParOldGen       total 32768K, used 2960K [0x00000000c0000000, 0x00000000c2000000, 0x00000000eab00000)
  object space 32768K, 9% used [0x00000000c0000000,0x00000000c02e4398,0x00000000c2000000)
 Metaspace       used 5545K, capacity 6704K, committed 6784K, reserved 1058816K
  class space    used 551K, capacity 616K, committed 640K, reserved 1048576K
Event: 0.934 GC heap after
Heap after GC invocations=3 (full 1):
 PSYoungGen      total 18944K, used 2528K [0x00000000eab00000, 0x00000000ec000000, 0x0000000100000000)
  eden space 16384K, 0% used [0x00000000eab00000,0x00000000eab00000,0x00000000ebb00000)
  from space 2560K, 98% used [0x00000000ebd80000,0x00000000ebff8018,0x00000000ec000000)
  to   space 2560K, 0% used [0x00000000ebb00000,0x00000000ebb00000,0x00000000ebd80000)
 ParOldGen       total 32768K, used 4018K [0x00000000c0000000, 0x00000000c2000000, 0x00000000eab00000)
  object space 32768K, 12% used [0x00000000c0000000,0x00000000c03ecaf8,0x00000000c2000000)
 Metaspace       used 5545K, capacity 6704K, committed 6784K, reserved 1058816K
  class space    used 551K, capacity 616K, committed 640K, reserved 1048576K
}

Deoptimization events (3 events):
Event: 0.555 Thread 0x0000000002cad800 Uncommon trap: reason=unstable_if action=reinterpret pc=0x0000000002fb4ee0 method=java.util.HashMap.getNode(ILjava/lang/Object;)Ljava/util/HashMap$Node; @ 62
Event: 0.571 Thread 0x0000000002cad800 Uncommon trap: reason=unstable_if action=reinterpret pc=0x0000000002fb1630 method=java.util.BitSet.nextSetBit(I)I @ 87
Event: 0.961 Thread 0x0000000002cad800 Uncommon trap: reason=class_check action=maybe_recompile pc=0x0000000003028ef0 method=com.android.dx.ssa.NormalSsaInsn.accept(Lcom/android/dx/ssa/SsaInsn$Visitor;)V @ 9

Internal exceptions (2 events):
Event: 0.048 Thread 0x0000000002cad800 Exception <a 'java/lang/NoSuchMethodError': Method sun.misc.Unsafe.defineClass(Ljava/lang/String;[BII)Ljava/lang/Class; name or signature does not match> (0x00000000eab12ed8) thrown at [C:\re\workspace\8-2-build-windows-amd64-cygwin\jdk8u45\3627\hotspot\srf…?L≈®?
Event: 0.048 Thread 0x0000000002cad800 Exception <a 'java/lang/NoSuchMethodError': Method sun.misc.Unsafe.prefetchRead(Ljava/lang/Object;J)V name or signature does not match> (0x00000000eab13168) thrown at [C:\re\workspace\8-2-build-windows-amd64-cygwin\jdk8u45\3627\hotspot\src\share\vm\prims\j

Events (10 events):
Event: 0.751 loading class com/android/dx/cf/attrib/AttSignature done
Event: 0.752 loading class com/android/dx/dex/file/FieldAnnotationStruct
Event: 0.752 loading class com/android/dx/dex/file/FieldAnnotationStruct done
Event: 0.766 loading class java/util/DualPivotQuicksort
Event: 0.766 loading class java/util/DualPivotQuicksort done
Event: 0.929 Executing VM operation: ParallelGCFailedAllocation
Event: 0.934 Executing VM operation: ParallelGCFailedAllocation done
Event: 0.961 Thread 0x0000000002cad800 Uncommon trap: trap_request=0xffffffde fr.pc=0x0000000003028ef0
Event: 0.961 Thread 0x0000000002cad800 DEOPT PACKING pc=0x0000000003028ef0 sp=0x0000000002c6e5f0
Event: 0.961 Thread 0x0000000002cad800 DEOPT UNPACKING pc=0x0000000002df582a sp=0x0000000002c6e530 mode 2


Dynamic libraries:
0x00007ff7a96c0000 - 0x00007ff7a96f7000 	F:\Program Files\Java\jdk1.8.0_45\bin\java.exe
0x00007ffed4200000 - 0x00007ffed43ac000 	C:\WINDOWS\SYSTEM32\ntdll.dll
0x00007ffed37f0000 - 0x00007ffed392a000 	C:\WINDOWS\system32\KERNEL32.DLL
0x00007ffed1320000 - 0x00007ffed142f000 	C:\WINDOWS\system32\KERNELBASE.dll
0x00007ffecfce0000 - 0x00007ffecfd68000 	C:\WINDOWS\system32\apphelp.dll
0x00007ffeccb00000 - 0x00007ffeccb4f000 	C:\WINDOWS\AppPatch\AppPatch64\AcGenral.DLL
0x00007ffed3ee0000 - 0x00007ffed3f87000 	C:\WINDOWS\system32\msvcrt.dll
0x00007ffed1030000 - 0x00007ffed105b000 	C:\WINDOWS\SYSTEM32\SspiCli.dll
0x00007ffed1a50000 - 0x00007ffed1aa1000 	C:\WINDOWS\system32\SHLWAPI.dll
0x00007ffed18d0000 - 0x00007ffed1a41000 	C:\WINDOWS\system32\USER32.dll
0x00007ffed1c30000 - 0x00007ffed1da8000 	C:\WINDOWS\system32\ole32.dll
0x00007ffed1ff0000 - 0x00007ffed33ff000 	C:\WINDOWS\system32\SHELL32.dll
0x00007ffed07e0000 - 0x00007ffed07fe000 	C:\WINDOWS\SYSTEM32\USERENV.dll
0x00007ffed3c50000 - 0x00007ffed3cf5000 	C:\WINDOWS\system32\ADVAPI32.dll
0x00007ffec9250000 - 0x00007ffec926b000 	C:\WINDOWS\SYSTEM32\MPR.dll
0x00007ffed1db0000 - 0x00007ffed1ee7000 	C:\WINDOWS\system32\RPCRT4.dll
0x00007ffed3fc0000 - 0x00007ffed4017000 	C:\WINDOWS\SYSTEM32\sechost.dll
0x00007ffed3d00000 - 0x00007ffed3ed6000 	C:\WINDOWS\SYSTEM32\combase.dll
0x00007ffed3980000 - 0x00007ffed3ac4000 	C:\WINDOWS\system32\GDI32.dll
0x00007ffed11a0000 - 0x00007ffed11b4000 	C:\WINDOWS\SYSTEM32\profapi.dll
0x00007ffecfda0000 - 0x00007ffecfe3f000 	C:\WINDOWS\SYSTEM32\SHCORE.dll
0x00007ffed3940000 - 0x00007ffed3974000 	C:\WINDOWS\system32\IMM32.DLL
0x00007ffed36b0000 - 0x00007ffed37e9000 	C:\WINDOWS\system32\MSCTF.dll
0x00007ffeced80000 - 0x00007ffecefda000 	C:\WINDOWS\WinSxS\amd64_microsoft.windows.common-controls_6595b64144ccf1df_6.0.9600.17031_none_6242a4b3ecbb55a1\COMCTL32.dll
0x000000006add0000 - 0x000000006aea2000 	F:\Program Files\Java\jdk1.8.0_45\jre\bin\msvcr100.dll
0x000000006b250000 - 0x000000006bad3000 	F:\Program Files\Java\jdk1.8.0_45\jre\bin\server\jvm.dll
0x00007ffed1170000 - 0x00007ffed1179000 	C:\WINDOWS\SYSTEM32\WSOCK32.dll
0x00007ffed16d0000 - 0x00007ffed16ef000 	C:\WINDOWS\system32\WINMM.dll
0x00007ffecf010000 - 0x00007ffecf01a000 	C:\WINDOWS\SYSTEM32\VERSION.dll
0x00007ffed3930000 - 0x00007ffed3937000 	C:\WINDOWS\system32\PSAPI.DLL
0x00007ffed3b50000 - 0x00007ffed3ba8000 	C:\WINDOWS\system32\WS2_32.dll
0x00007ffed1280000 - 0x00007ffed12aa000 	C:\WINDOWS\system32\WINMMBASE.dll
0x00007ffed3b40000 - 0x00007ffed3b49000 	C:\WINDOWS\system32\NSI.dll
0x00007ffed12d0000 - 0x00007ffed131a000 	C:\WINDOWS\SYSTEM32\cfgmgr32.dll
0x00007ffed1250000 - 0x00007ffed1276000 	C:\WINDOWS\system32\DEVOBJ.dll
0x000000006b240000 - 0x000000006b24f000 	F:\Program Files\Java\jdk1.8.0_45\jre\bin\verify.dll
0x000000006b210000 - 0x000000006b239000 	F:\Program Files\Java\jdk1.8.0_45\jre\bin\java.dll
0x000000006b1f0000 - 0x000000006b206000 	F:\Program Files\Java\jdk1.8.0_45\jre\bin\zip.dll
0x00007ffeba920000 - 0x00007ffebaaa8000 	C:\WINDOWS\SYSTEM32\dbghelp.dll

VM Arguments:
jvm_args: -Xmx1024M -Dfile.encoding=GBK -Duser.country=CN -Duser.language=zh -Duser.variant 
java_command: com.android.dx.command.Main --dex --output F:\code\Studio\Traveling\app\build\intermediates\pre-dexed\debug\baidumapapi_v3_4_0-56fa040d7206ac4e4837efb6debcdfac588ba795.jar F:\code\Studio\Traveling\app\libs\baidumapapi_v3_4_0.jar
java_class_path (initial): F:\Program Files\adt-bundle-windows-x86_64-20140321\sdk\build-tools\22.0.1\lib\dx.jar
Launcher Type: SUN_STANDARD

Environment Variables:
PATH=C:\ProgramData\Oracle\Java\javapath;C:\Program Files (x86)\Intel\iCLS Client\;C:\Program Files\Intel\iCLS Client\;C:\Program Files (x86)\AMD APP\bin\x86_64;C:\Program Files (x86)\AMD APP\bin\x86;C:\WINDOWS\system32;C:\WINDOWS;C:\WINDOWS\System32\Wbem;C:\WINDOWS\System32\WindowsPowerShell\v1.0\;C:\Program Files (x86)\ATI Technologies\ATI.ACE\Core-Static;C:\Program Files\Intel\Intel(R) Management Engine Components\DAL;C:\Program Files\Intel\Intel(R) Management Engine Components\IPT;C:\Program Files (x86)\Intel\Intel(R) Management Engine Components\DAL;C:\Program Files (x86)\Intel\Intel(R) Management Engine Components\IPT;C:\Program Files (x86)\Microsoft SQL Server\100\Tools\Binn\;C:\Program Files\Microsoft SQL Server\100\Tools\Binn\;C:\Program Files\Microsoft SQL Server\100\DTS\Binn\;C:\Program Files (x86)\Windows Live\Shared;C:\Oracle\ora90\BIN\;C:\Program Files (x86)\Windows Kits\8.1\Windows Performance Toolkit\;C:\Program Files\Microsoft SQL Server\110\Tools\Binn\;C:\Program Files (x86)\AMD\ATI.ACE\Core-Static;F:\android-ndk-r10c;F:\Program Files\gradle-2.3\bin;C:\Program Files (x86)\Git\cmd;C:\Program Files (x86)\Git\bin;F:\Program Files\cocos2d-x-3.4\templates;F:\Program Files\cocos2d-x-3.4\tools\cocos2d-console\bin;F:\cygwin64\bin;F:\Program Files\adt-bundle-windows-x86_64-20140321\sdk\platform-tools;F:\Program Files\adt-bundle-windows-x86_64-20140321\sdk\tools;F:\Program Files\Java\jdk1.8.0_45\bin;F:\apache-ant-1.9.4\bin;F:\android-ndk-r10c;F:\Python27
USERNAME=Wouldyou
OS=Windows_NT
PROCESSOR_IDENTIFIER=Intel64 Family 6 Model 58 Stepping 9, GenuineIntel



---------------  S Y S T E M  ---------------

OS: Windows 8.1 , 64 bit Build 9600 (6.3.9600.17056)

CPU:total 4 (2 cores per cpu, 2 threads per core) family 6 model 58 stepping 9, cmov, cx8, fxsr, mmx, sse, sse2, sse3, ssse3, sse4.1, sse4.2, popcnt, avx, aes, clmul, erms, ht, tsc, tscinvbit, tscinv

Memory: 4k page, physical 4088092k(396000k free), swap 7233820k(5116k free)

vm_info: Java HotSpot(TM) 64-Bit Server VM (25.45-b02) for windows-amd64 JRE (1.8.0_45-b15), built on Apr 30 2015 12:40:44 by "java_re" with MS VC++ 10.0 (VS2010)

time: Fri Jun 05 05:36:35 2015
elapsed time: 1 seconds (0d 0h 0m 1s)

